Testname: GL_RACE
Date: 8/19/2013  Time: 2:18:27 PM
ID1: Old_ND_01  ID2:   ID3: 
No. of Channels / Multichromatics: 1
No. of Cycles: 1

Multichromatic: 1
Cycle: 1
 0.3005
 0.3405
 0.3252
 0.3327
 0.3191
  0.335
 0.3265
  0.332
 0.3413
 0.3352
 0.3183
 0.3254
 0.3201
 1.1749
 1.1408
 0.6961
 1.6831
 0.9928
 0.3828
 0.9622
 0.3936
 0.3853
 0.3778
 0.3095
 0.3129
 0.9607
 0.8085
 0.4095
 0.3388
 0.4682
 0.3427
 0.7957
 0.3448
 0.3292
 0.3266
  0.298
 0.2988
 0.7168
 0.7957
 0.5477
 0.4373
 0.6763
 0.3295
 0.3457
 0.3429
 0.3225
 0.3438
 0.2959
 0.3017
 0.5047
  0.567
 0.6002
 0.4972
 0.3329
 0.3446
 0.3125
 0.3543
 0.3058
 0.3092
 0.3219
 0.3112
 0.4307
 0.4156
 0.5454
 0.6529
 0.5446
 0.3572
   0.31
 0.3377
 0.3111
 0.3106
 0.2993
 0.3141
 0.3437
  0.324
  0.324
 0.5523
 0.3163
 0.3345
 0.3163
 0.3269
 0.3341
 0.3073
 0.3033
 0.3054
   0.33
 0.3232
 0.3229
 0.3385
 0.3341
 0.3263
 0.3507
 0.3335
 0.3271
 0.3131
 0.3226

--------------------------------------------------------------------------------------
Testname: GL_RACE
Date: 8/19/2013  Time: 2:21:12 PM
ID1: Old_ND_02  ID2:   ID3: 
No. of Channels / Multichromatics: 1
No. of Cycles: 1

Multichromatic: 1
Cycle: 1
 0.2986
 0.3252
 0.3063
 0.3143
 0.3001
 0.3045
 0.3056
 0.3066
 0.3174
 0.3092
  0.299
 0.3178
 0.3197
 1.2503
 1.1958
 0.6271
 1.8581
 0.3441
 0.3782
 0.3637
 0.3894
 0.3803
 0.3746
 0.3059
 0.3095
 0.9153
 0.8681
 0.5324
 0.3826
 0.3518
 0.3353
 0.3233
 0.3461
 0.3235
 0.3224
  0.296
 0.2976
 0.7789
 0.5523
 0.7146
 0.3984
 0.2986
  0.333
 0.3337
 0.3412
 0.3137
 0.3319
  0.296
 0.3022
 0.5954
 0.6165
 0.6193
 0.5076
 0.3072
 0.3382
 0.3077
 0.3434
 0.3028
 0.2983
 0.3009
 0.3098
 0.4424
 0.4726
 0.4791
 0.4246
 0.3114
 0.3206
 0.3015
 0.3263
 0.3046
 0.2968
  0.295
 0.3139
 0.3155
 0.3388
 0.3052
 0.3236
 0.3138
 0.3326
 0.3052
 0.3251
 0.3242
 0.3023
 0.2928
 0.3019
 0.3273
 0.3153
 0.3189
 0.3301
 0.3299
 0.3215
 0.3376
 0.3268
  0.323
 0.3044
 0.3203

--------------------------------------------------------------------------------------
Testname: GL_RACE
Date: 8/19/2013  Time: 2:23:50 PM
ID1: Old_ND_03  ID2:   ID3: 
No. of Channels / Multichromatics: 1
No. of Cycles: 1

Multichromatic: 1
Cycle: 1
  0.302
 0.3037
 0.3244
 0.3273
 0.3177
 0.3313
 0.3237
 0.3274
 0.3354
 0.3301
 0.3123
 0.3248
 0.3185
 1.1749
 0.8932
 0.5974
 0.3873
 0.3647
 0.3801
  0.369
  0.391
 0.3837
 0.3787
  0.306
 0.3115
 0.8679
  0.839
 0.8366
 0.4162
  0.323
 0.3337
 0.3225
 0.3425
 0.3263
 0.3247
 0.2934
 0.2984
 0.7259
  0.738
 0.8433
 0.5306
 0.2989
 0.3272
 0.3443
 0.3378
 0.3167
 0.3415
 0.2924
 0.3022
 0.4824
 0.5047
 0.6523
 0.4074
 0.3027
 0.3366
 0.3069
 0.3501
 0.3016
 0.3047
 0.3179
 0.3119
 0.4949
 0.4132
 0.3776
 0.4479
 0.3099
 0.3257
 0.3065
 0.3323
 0.3052
 0.3042
 0.2932
 0.3141
 0.5666
 0.3129
 0.3091
 0.3294
 0.3169
 0.3331
   0.31
  0.322
 0.3291
 0.3078
 0.3006
 0.3062
  0.333
 0.3223
 0.3259
 0.3394
 0.3311
  0.324
 0.3502
 0.3291
 0.3227
 0.3122
 0.3195

--------------------------------------------------------------------------------------
Testname: GL_RACE
Date: 8/19/2013  Time: 2:26:21 PM
ID1: Old_ND_04  ID2:   ID3: 
No. of Channels / Multichromatics: 1
No. of Cycles: 1

Multichromatic: 1
Cycle: 1
 0.2974
 0.3384
 0.3155
 0.3218
 0.3099
  0.324
 0.3169
 0.3139
   0.32
 0.3154
 0.3107
 0.3172
 0.3219
 1.3589
 0.9526
 0.4775
 0.3847
 0.3616
  0.373
 0.3628
 0.3838
 0.3774
 0.3721
 0.3039
   0.31
  1.294
 0.5872
 0.6564
 0.3384
 0.3198
 0.3334
 0.3224
 0.3443
 0.3242
 0.3191
 0.2931
 0.2975
 1.0305
 0.7989
 0.8007
 0.3285
 0.3003
 0.3313
 0.3331
 0.3369
 0.3135
 0.3363
  0.292
 0.2993
 0.5381
 0.7716
 0.5481
 0.2993
 0.4971
 0.3385
 0.3046
 0.3414
 0.3031
 0.3042
 0.2991
 0.3105
 0.3978
  0.633
 0.4095
 0.4235
 0.3106
 0.3187
 0.3024
 0.3238
 0.3083
 0.3033
 0.2907
 0.3131
 0.3251
 0.3177
  0.312
 0.3276
 0.3124
 0.3337
 0.3022
 0.3261
 0.3292
  0.301
 0.2987
 0.3001
 0.3271
 0.3189
 0.3191
 0.3309
 0.3294
 0.3211
 0.3361
 0.3267
 0.3253
 0.3074
 0.3208

--------------------------------------------------------------------------------------
Testname: GL_RACE
Date: 8/19/2013  Time: 2:29:09 PM
ID1: Old_ND_05  ID2:   ID3: 
No. of Channels / Multichromatics: 1
No. of Cycles: 1

Multichromatic: 1
Cycle: 1
 0.2942
 0.3394
 0.3271
 0.3264
 0.3098
 0.3287
 0.3214
 0.3186
 0.3311
 0.3317
 0.3134
 0.3058
  0.321
 1.1036
 1.3896
 0.6461
 0.3846
 0.3513
 0.3756
 0.3601
 0.3878
 0.5606
  0.367
 0.3038
 0.3061
  0.597
 1.1534
 0.4653
 0.4872
 0.8215
 0.3285
 0.3214
 0.3404
 0.3182
 0.3222
 0.2911
 0.2905
 0.7544
 0.8203
 0.2952
  0.325
  0.287
 0.3243
 0.3254
  0.336
 0.3136
 0.3236
 0.2927
 0.2983
 0.4712
 0.4662
  0.502
  0.463
 0.3025
 0.3334
 0.3008
 0.3512
 0.2994
  0.304
 0.2935
 0.3103
 0.3911
 0.3765
 0.3745
 0.3846
 0.3091
 0.3204
 0.3002
   0.32
 0.3029
 0.2951
 0.2884
 0.3158
 0.3169
 0.3132
 0.3049
 0.3667
 0.3163
 0.3249
 0.3005
 0.3172
 0.3247
 0.3011
 0.2908
 0.2985
 0.3267
 0.3207
 0.3244
 0.3289
 0.3338
 0.3278
  0.345
 0.3318
 0.3255
 0.3074
 0.3161

--------------------------------------------------------------------------------------
Testname: GL_RACE
Date: 8/19/2013  Time: 2:31:42 PM
ID1: Old_ND_06  ID2:   ID3: 
No. of Channels / Multichromatics: 1
No. of Cycles: 1

Multichromatic: 1
Cycle: 1
 0.3009
 0.3378
 0.3207
 0.3233
 0.3084
 0.3239
 0.3173
 0.3245
 0.3329
 0.3293
 0.3133
 0.3203
 0.3177
 1.0615
 0.3711
  0.687
  0.387
 0.3616
 0.3767
 0.3668
 0.3851
 0.3775
 0.3747
 0.3027
  0.312
 0.9631
  0.331
 0.3249
 0.3351
 0.3207
 0.3332
 0.3205
 0.3389
 0.3211
 0.3146
 0.2923
 0.2972
 0.3324
 1.0124
 0.2915
 0.6309
 0.2958
 0.3254
 0.3431
 0.3347
 0.3148
 0.3349
 0.2903
 0.3028
 0.3044
 0.4106
 0.3389
 0.3734
 0.3016
 0.3344
 0.3047
 0.3491
 0.2983
 0.2981
 0.3163
 0.3105
 0.3128
 0.3364
 0.3027
 0.3218
 0.3087
 0.3233
 0.3065
 0.3349
 0.3012
 0.3023
 0.2938
 0.3141
 0.3192
 0.5229
 0.3051
 0.3224
 0.3134
 0.3307
 0.3125
 0.3298
 0.3277
  0.305
 0.3011
 0.3108
 0.3428
 0.3259
 0.3319
 0.3463
 0.3379
 0.3373
 0.3629
 0.3396
 0.3279
 0.3158
 0.3291

--------------------------------------------------------------------------------------
Testname: GL_RACE
Date: 8/19/2013  Time: 2:34:13 PM
ID1: Old_ND_07  ID2:   ID3: 
No. of Channels / Multichromatics: 1
No. of Cycles: 1

Multichromatic: 1
Cycle: 1
 0.3005
 0.3377
 0.3231
 0.3253
 0.3154
 0.3289
 0.3215
 0.3263
 0.3352
  0.329
 0.3118
  0.319
 0.3183
 1.8225
 1.3019
 0.6781
 0.3837
 0.5665
 0.3722
 0.3507
 0.3845
 0.3744
 0.3662
 0.3032
 0.3109
 0.9571
 0.8395
 0.9128
 0.9793
 0.5406
 1.2149
 0.3167
 0.3375
 0.3282
   0.32
 0.2912
 0.2966
 0.7721
 0.7343
 0.5916
 0.5161
 0.8376
 1.1901
 0.3387
 0.3329
 0.3165
 0.3314
 0.2956
 0.3011
 0.7583
 0.7646
 0.7469
 0.5106
 0.9623
 0.5847
 0.3018
 0.3475
 0.2975
 0.2962
 0.3145
 0.3097
 0.3871
 0.3796
  0.381
 0.4876
 0.6014
 0.3149
 0.3036
 0.3281
 0.3022
 0.2987
 0.2903
 0.3131
 0.3258
 0.3153
 0.3271
 0.3497
 0.3117
 0.3285
  0.308
 0.3164
 0.3245
 0.3056
 0.2992
 0.3086
 0.3331
 0.3205
 0.3212
 0.3366
 0.3164
 0.3239
  0.347
 0.3317
 0.3223
 0.3136
 0.3285

--------------------------------------------------------------------------------------
Testname: GL_RACE
Date: 8/19/2013  Time: 2:36:45 PM
ID1: Old_ND_08  ID2:   ID3: 
No. of Channels / Multichromatics: 1
No. of Cycles: 1

Multichromatic: 1
Cycle: 1
 0.2989
 0.3359
 0.3206
 0.3224
 0.3148
 0.3261
 0.3174
 0.3227
 0.3327
 0.3269
 0.3101
 0.3137
 0.3172
 1.1329
 0.7404
 0.6528
 0.7605
 0.9209
 0.3754
 0.3615
 0.3823
 0.3757
 0.3711
 0.3017
 0.3099
 0.7837
 0.9242
 0.6253
 0.5044
 0.5261
  0.334
 0.3175
 0.3405
 0.3251
 0.3215
 0.2905
 0.2948
 0.7366
 0.6576
 0.8648
 0.5459
 0.2969
 0.3254
 0.3383
 0.3376
 0.3163
 0.3363
 0.2924
 0.3007
 0.4719
 0.6865
 0.4602
 0.5032
 0.5089
 0.3344
 0.3044
 0.3459
 0.2989
 0.2997
 0.3131
 0.3084
 0.4045
 0.3874
 0.4241
 0.4168
 0.3493
 0.3215
 0.3085
 0.3311
 0.3014
 0.2997
 0.2911
 0.3109
 0.3236
 0.3087
 0.3066
 0.3225
 0.3132
 0.3323
 0.3096
 0.3205
  0.327
 0.3004
 0.2989
 0.3062
 0.3316
 0.3189
 0.3206
  0.336
 0.3302
 0.3233
 0.3446
  0.329
 0.3224
 0.3083
 0.3224

--------------------------------------------------------------------------------------
Testname: GL_RACE
Date: 8/19/2013  Time: 2:40:09 PM
ID1: Old_ND_09  ID2:   ID3: 
No. of Channels / Multichromatics: 1
No. of Cycles: 1

Multichromatic: 1
Cycle: 1
 0.2914
 0.3329
 0.3224
 0.3183
 0.2979
 0.3297
  0.315
 0.3177
 0.3292
 0.3254
 0.3211
 0.3145
 0.3194
 1.2519
 0.8975
 1.1289
 0.3946
 0.3593
 0.3841
 0.3681
 0.3966
 0.3855
 0.3706
 0.3083
 0.3131
 0.7759
 0.8467
 0.5568
  0.525
 0.3226
  0.333
 0.3189
 0.3431
  0.321
 0.3217
 0.2976
 0.3041
 0.6581
 0.6407
 0.8211
 0.5231
 0.3618
 0.3334
 0.3335
 0.3374
 0.3118
 0.3198
 0.2953
  0.302
 0.3041
 0.3089
 0.4538
 0.4511
 0.3044
 0.3395
 0.3046
 0.3462
  0.299
 0.2952
  0.311
 0.3072
 0.3113
  0.616
 0.3776
 0.3778
 0.3143
 0.3241
 0.3072
 0.3231
 0.3031
 0.3027
 0.2926
  0.321
 0.3172
 0.3129
 0.3074
 0.3288
 0.3175
 0.3395
 0.3065
 0.3231
 0.3198
 0.3081
 0.2958
 0.3071
 0.3314
 0.3171
 0.3261
 0.3386
 0.3361
 0.3249
  0.353
  0.326
  0.321
 0.3095
 0.3245

--------------------------------------------------------------------------------------
Testname: GL_RACE
Date: 8/19/2013  Time: 2:42:45 PM
ID1: Old_ND_10  ID2:   ID3: 
No. of Channels / Multichromatics: 1
No. of Cycles: 1

Multichromatic: 1
Cycle: 1
 0.2951
 0.3313
 0.3166
 0.3179
 0.3092
 0.3086
 0.3175
 0.3072
 0.3079
 0.3152
 0.3151
 0.3182
  0.316
 1.4902
  1.533
 1.1774
 1.1296
  1.254
 0.3736
 0.3609
 0.3834
 0.3744
 0.3687
 0.3003
 0.3056
 1.0077
 0.8076
 1.0813
 0.6629
 0.7977
 0.3345
 0.3214
 0.3435
 0.3185
 0.3177
 0.2924
 0.2941
 0.6558
 0.9335
 0.6852
 0.5424
 0.6026
 0.5027
 0.3317
  0.339
 0.3127
 0.3325
 0.2922
 0.2979
 0.5517
 0.4762
 0.4002
 0.5279
 0.4374
 0.3373
 0.3022
 0.3407
 0.3021
 0.2997
 0.2973
 0.3053
  0.444
 0.3671
  0.366
 0.4511
 0.5926
   0.41
 0.3012
 0.3225
 0.3017
 0.3017
 0.2927
 0.3118
 0.3265
 0.3177
 0.3163
 0.3399
 0.3101
 0.3318
 0.3028
 0.3271
 0.3207
 0.3031
 0.2919
 0.3005
 0.3259
 0.3166
 0.3212
 0.3334
 0.3304
 0.3248
 0.3376
 0.3271
 0.3239
 0.3072
 0.3242

--------------------------------------------------------------------------------------
Testname: GL_RACE
Date: 8/19/2013  Time: 2:45:12 PM
ID1: Old_ND_11  ID2:   ID3: 
No. of Channels / Multichromatics: 1
No. of Cycles: 1

Multichromatic: 1
Cycle: 1
  0.293
 0.3398
 0.3227
 0.3248
 0.3083
 0.3265
 0.3196
 0.3176
 0.3292
 0.3292
  0.312
 0.3032
 0.3208
 1.1444
 1.5142
 1.1332
 0.3846
 0.3521
 0.3733
 0.3625
  0.387
 0.3733
 0.3669
 0.3003
 0.3059
 0.9327
 0.8509
 1.0473
 0.7187
 0.5938
 0.7388
 0.3201
 0.3388
 0.3192
 0.3206
 0.2884
 0.2907
 0.8932
   0.83
 0.7829
 0.3441
 0.2895
  0.879
 0.3229
 0.3336
 0.3108
 0.3196
 0.2883
 0.2993
 0.4994
 0.4331
 0.4898
 0.5289
  0.301
 0.3337
 0.3027
   0.35
 0.2952
 0.2973
   0.29
 0.3102
 0.4044
 0.3892
 0.4098
 0.6225
 0.3085
  0.351
 0.3008
 0.3216
 0.3008
 0.2919
  0.288
 0.3166
 0.2962
 0.3246
 0.3127
 0.3444
 0.3157
  0.331
 0.3021
  0.318
 0.3283
 0.3005
 0.2892
 0.3013
 0.3297
 0.3218
 0.3288
 0.3359
  0.337
 0.3766
 0.3535
 0.3346
 0.3265
 0.3098
 0.3126

--------------------------------------------------------------------------------------
Testname: GL_RACE
Date: 8/19/2013  Time: 2:47:43 PM
ID1: Old_ND_12  ID2:   ID3: 
No. of Channels / Multichromatics: 1
No. of Cycles: 1

Multichromatic: 1
Cycle: 1
 0.2974
 0.3371
 0.3229
 0.3235
 0.3058
 0.3321
 0.3194
 0.3201
 0.3329
 0.3255
 0.3228
 0.3125
 0.3225
 1.5762
 1.5283
 1.2055
 0.3921
 0.3582
  0.381
 0.3699
 0.3946
 0.3888
 0.3766
 0.3057
 0.3131
 1.1727
 1.2862
 1.1309
 0.3404
 0.3214
 0.3331
 0.3206
 0.3505
 0.3245
 0.3293
 0.3026
 0.3051
 0.9492
  0.872
 0.5434
 0.8778
 0.3054
 0.3345
 0.3381
 0.3361
  0.312
 0.3243
 0.2958
 0.3023
 0.5156
 0.7157
 0.6773
 0.3051
 0.3043
  0.343
 0.3051
 0.3435
 0.3013
 0.3016
 0.3085
 0.3101
 0.4268
  0.598
 0.6043
 0.3225
 0.3187
 0.3283
  0.308
 0.3258
 0.3017
 0.3024
 0.2913
  0.323
 0.3578
 0.3209
  0.308
 0.3286
 0.3209
 0.3394
 0.3116
 0.3244
 0.3194
  0.305
 0.2949
 0.3087
 0.3336
 0.3196
 0.3273
 0.3405
 0.3355
 0.3251
 0.3552
  0.329
 0.3238
 0.3094
 0.3211

--------------------------------------------------------------------------------------
Testname: GL_RACE
Date: 8/19/2013  Time: 5:32:38 PM
ID1: Old_D_13  ID2:   ID3: 
No. of Channels / Multichromatics: 1
No. of Cycles: 1

Multichromatic: 1
Cycle: 1
 0.2943
 0.3304
 0.3236
 0.3226
 0.3149
 0.3226
 0.3196
 0.3151
  0.315
 0.3175
  0.311
 0.3209
 0.3182
 0.9033
 0.6374
 0.6092
 0.8742
 1.1112
 0.4991
 0.8711
 0.6967
 0.6535
   0.37
  0.305
 0.3087
 0.9551
 0.6837
 0.4414
 0.6963
 1.1792
 0.9562
 0.9122
 0.3891
 0.4671
 0.3236
 0.2977
 0.2954
 0.6719
 0.7761
 0.7689
 0.8132
 0.4726
 0.3372
 0.3426
 0.5362
 0.4136
 0.3397
 0.2965
 0.2999
 0.5211
 0.5671
 0.6361
  0.945
  0.403
 0.3407
 0.8326
 0.3622
  0.291
 0.3028
 0.3008
 0.3062
 0.4132
 0.4215
   0.35
 0.4863
 0.3727
  0.436
 0.3203
 0.3688
 0.3102
 0.3087
 0.2976
 0.3133
 0.3333
 0.3245
 0.3538
 0.4009
 0.4319
  0.344
 0.3085
 0.3313
 0.3273
 0.3039
 0.2977
 0.3002
 0.3259
 0.3192
 0.3212
 0.3354
 0.3305
 0.3259
 0.3394
 0.3295
 0.3248
 0.3062
 0.3225

--------------------------------------------------------------------------------------
Testname: GL_RACE
Date: 8/19/2013  Time: 5:35:10 PM
ID1: Old_D_14  ID2:   ID3: 
No. of Channels / Multichromatics: 1
No. of Cycles: 1

Multichromatic: 1
Cycle: 1
    0.3
 0.3413
 0.3285
 0.3318
 0.3131
 0.3332
 0.3253
 0.3221
 0.3344
 0.3351
 0.3148
 0.3111
 0.3231
 1.1779
 1.1793
  0.656
 0.4111
 0.3842
 0.3776
 0.3627
  0.386
 0.3742
 0.3651
 0.3053
   0.31
 1.0429
 0.7448
 0.9263
 0.3918
 0.3957
 0.3333
 0.3196
 0.3445
  0.321
 0.3222
 0.2929
 0.2924
 0.7834
 0.7375
 0.6317
 0.9005
  0.339
 0.3319
 0.3292
  0.337
 0.3139
 0.3231
 0.2949
 0.3025
 0.5104
 0.5397
 0.5327
 0.4031
 0.7599
 0.4501
 0.2984
 0.3517
 0.3002
 0.3052
 0.2956
 0.3102
 0.4116
 0.4155
  0.391
 0.5991
 0.6391
 0.3222
 0.3049
 0.3215
 0.3047
 0.3037
 0.2887
 0.3202
 0.3271
 0.3233
 0.3192
 0.3372
 0.3204
  0.331
 0.3101
 0.3231
 0.3248
 0.3044
 0.2905
 0.3033
 0.3285
 0.3203
 0.3257
 0.3323
 0.3371
 0.3311
 0.3484
 0.3311
 0.3263
 0.3064
 0.3147

--------------------------------------------------------------------------------------
Testname: GL_RACE
Date: 8/19/2013  Time: 5:38:26 PM
ID1: Old_D_15  ID2:   ID3: 
No. of Channels / Multichromatics: 1
No. of Cycles: 1

Multichromatic: 1
Cycle: 1
 0.2969
 0.3195
 0.3132
 0.3054
 0.2832
 0.3115
 0.3054
 0.3095
 0.3294
 0.3285
 0.3131
 0.3147
 0.3219
 1.2539
 0.9861
 0.6272
 0.7681
 0.3738
 0.3851
 0.3657
 0.3922
 0.3827
 0.3674
 0.3118
 0.3147
 1.1313
 0.7878
 0.6193
 0.4967
 0.4479
 0.3412
 0.3226
 0.3495
 0.3216
 0.3234
 0.2969
 0.3053
 0.8972
 0.9006
 0.7859
 0.5465
 0.4151
 0.3371
 0.3375
 0.3389
   0.31
 0.3196
 0.2947
  0.304
  0.569
 0.5886
 0.5786
 0.5468
  0.458
 0.3473
 0.3114
 0.3472
 0.2996
 0.2987
 0.3142
 0.3081
 0.4274
  0.457
 0.4207
 0.4302
 0.4097
 0.3318
 0.3158
 0.3275
 0.3068
 0.3073
 0.2977
 0.3234
 0.3537
 0.3442
   0.34
 0.3368
 0.3218
 0.3407
 0.3123
 0.3278
 0.3235
 0.3035
 0.2984
 0.3062
 0.3335
 0.3203
 0.3288
 0.3387
 0.3363
 0.3265
 0.3575
 0.3291
 0.3223
 0.3072
 0.3239

--------------------------------------------------------------------------------------
Testname: GL_RACE
Date: 8/19/2013  Time: 5:41:02 PM
ID1: Old_D_16  ID2:   ID3: 
No. of Channels / Multichromatics: 1
No. of Cycles: 1

Multichromatic: 1
Cycle: 1
 0.2971
 0.3329
  0.318
 0.3213
 0.3128
 0.3268
 0.3166
 0.3227
 0.3318
 0.3262
 0.3084
 0.3102
 0.3147
 1.1959
 0.6334
 0.7448
 0.4197
 0.3556
 0.3718
 0.3629
 0.3778
 0.3729
 0.3622
  0.304
 0.3088
 1.0313
 0.7451
 0.7111
 0.3752
 0.3212
 0.3311
  0.317
 0.3399
 0.3204
 0.3155
 0.2894
 0.2963
 0.8312
 0.6589
 0.7825
 0.3737
 0.2992
 0.3258
 0.3423
 0.3323
 0.3144
 0.3341
 0.2871
 0.3018
 0.5457
 0.5775
 0.5407
 0.5174
 0.3054
 0.3368
 0.3068
 0.3484
 0.3009
 0.2966
 0.3115
 0.3054
 0.4334
 0.4167
 0.5945
 0.6076
 0.3251
  0.323
 0.3087
 0.3291
 0.3062
 0.3012
 0.2896
 0.3137
 0.2961
 0.3189
 0.3133
 0.3291
 0.3177
 0.3342
 0.3125
 0.3219
 0.3295
 0.3102
 0.3012
 0.3058
 0.3328
 0.3244
 0.3283
 0.3413
 0.3322
 0.3271
 0.3537
 0.3327
 0.3236
 0.3091
 0.3182

--------------------------------------------------------------------------------------
Testname: GL_RACE
Date: 8/19/2013  Time: 5:43:28 PM
ID1: Old_D_17  ID2:   ID3: 
No. of Channels / Multichromatics: 1
No. of Cycles: 1

Multichromatic: 1
Cycle: 1
  0.295
 0.3391
 0.3253
 0.3278
 0.3117
 0.3282
 0.3225
 0.3183
 0.3374
 0.3296
 0.3155
 0.3081
 0.3203
 0.7899
 0.6769
 0.4806
 0.4016
 0.3508
 0.3701
 0.3623
 0.3825
 0.3698
 0.3574
  0.303
 0.3052
 1.0024
 0.7343
 0.4513
 0.3716
  0.325
 0.3297
  0.322
 0.3444
 0.3157
 0.3257
 0.2914
 0.2898
 0.7818
 0.7255
 0.8362
 0.3712
 0.2888
 0.3236
 0.3253
 0.3402
 0.3103
   0.32
 0.2914
 0.2986
 0.6607
 0.7143
 0.6291
 0.5756
 0.3033
 0.3355
 0.3019
 0.3485
 0.2956
 0.3013
 0.2932
 0.3089
 0.4981
 0.3729
 0.4248
 0.5779
 0.3175
 0.3194
 0.3031
 0.3196
 0.2984
 0.2989
 0.2905
 0.3152
 0.3276
 0.3136
 0.3145
  0.324
 0.3143
 0.3262
 0.3031
 0.3196
 0.3221
 0.2983
 0.2922
 0.3032
  0.331
 0.3173
 0.3205
 0.3283
   0.33
 0.3284
 0.3426
 0.3288
 0.3249
 0.3068
 0.3133

--------------------------------------------------------------------------------------
Testname: GL_RACE
Date: 8/19/2013  Time: 5:46:03 PM
ID1: Old_D_18  ID2:   ID3: 
No. of Channels / Multichromatics: 1
No. of Cycles: 1

Multichromatic: 1
Cycle: 1
 0.3018
 0.3375
 0.3207
 0.3203
 0.3108
 0.3291
 0.3221
  0.326
 0.3368
 0.3288
 0.3116
 0.3159
 0.3215
 0.8824
 0.5604
 0.4838
 0.5118
 0.3589
 0.3711
 0.3634
  0.382
  0.375
 0.3653
  0.304
 0.3138
 0.9074
 0.6372
  0.498
 0.5947
 0.3229
 0.3317
 0.3133
 0.3388
 0.3229
 0.3216
 0.2923
 0.2982
 0.6457
 0.8634
  0.601
 0.4194
 0.2947
 0.3257
 0.3409
 0.3361
 0.3182
 0.3356
  0.291
 0.3033
  0.693
 0.6249
  0.644
 0.5203
 0.3032
 0.3332
 0.3044
 0.3478
 0.3028
 0.3005
 0.3174
 0.3097
 0.6464
 0.4283
  0.395
  0.547
 0.3104
  0.319
 0.3061
 0.3273
 0.3109
 0.3049
 0.2935
 0.3151
  0.326
 0.3189
 0.3151
 0.3313
 0.3158
 0.3339
 0.3086
  0.327
  0.329
 0.3071
 0.3004
 0.3117
 0.3375
 0.3293
 0.3301
 0.3404
  0.335
 0.3338
 0.3589
 0.3439
 0.3317
 0.3185
 0.3296

--------------------------------------------------------------------------------------
Testname: GL_RACE
Date: 8/19/2013  Time: 5:48:36 PM
ID1: Old_D_19  ID2:   ID3: 
No. of Channels / Multichromatics: 1
No. of Cycles: 1

Multichromatic: 1
Cycle: 1
 0.3007
 0.3357
 0.3191
 0.3243
 0.3132
 0.3275
 0.3183
 0.3233
 0.3345
 0.3262
   0.31
 0.3151
 0.3173
 1.2859
 1.0862
 0.8942
 1.2352
 1.3347
 1.1426
  0.951
 1.0621
 0.3759
 0.3644
 0.3017
 0.3111
 0.9112
 0.8229
 0.8822
 1.2429
 1.3289
 0.8335
 0.6322
 0.4102
 0.3216
 0.3181
 0.2939
 0.2973
 0.7249
 0.7193
 0.5348
 0.8488
 0.5624
 0.7219
 0.5753
 0.3734
 0.3156
 0.3381
 0.2906
 0.3013
 0.4937
 0.5313
 0.4973
 0.5072
 0.4736
  0.461
 0.4948
 0.3574
 0.3018
 0.3013
 0.3144
 0.3079
 0.3883
  0.398
  0.381
 0.4454
  0.328
 0.3703
 0.3364
 0.3315
 0.3041
 0.3012
 0.2932
 0.3144
 0.3269
 0.3162
 0.3388
 0.4654
 0.3269
 0.3359
 0.3093
 0.3223
 0.3243
 0.3058
 0.3056
 0.3104
  0.333
 0.3218
  0.322
 0.3385
 0.3324
 0.3275
 0.3538
 0.3403
 0.3273
 0.3154
 0.3257

--------------------------------------------------------------------------------------
Testname: GL_RACE
Date: 8/19/2013  Time: 5:51:11 PM
ID1: Old_D_20  ID2:   ID3: 
No. of Channels / Multichromatics: 1
No. of Cycles: 1

Multichromatic: 1
Cycle: 1
 0.2936
  0.338
 0.3252
 0.3274
 0.3094
  0.328
 0.3212
 0.3173
 0.3303
 0.3327
 0.3112
 0.3024
 0.3191
 1.1195
 0.6811
 0.7765
 0.7572
 0.6176
 0.5268
 0.4108
 0.4493
 0.3686
 0.3579
 0.3013
 0.3033
 0.7827
 0.6502
 0.8021
 0.8696
 0.7282
 0.5426
 0.3519
 0.3472
 0.3183
 0.3193
 0.2899
 0.2878
 0.6991
 0.6577
  0.758
 0.6379
 0.4704
 0.4252
 0.3435
 0.3426
 0.3118
 0.3183
 0.2895
 0.2967
 0.4549
 0.5147
 0.4784
 0.3981
 0.3755
 0.3873
 0.3152
 0.3481
  0.298
 0.3002
 0.2924
 0.3061
 0.4196
 0.4144
 0.3737
 0.3985
 0.3643
 0.3359
 0.3058
 0.3167
 0.3012
 0.3027
 0.2879
 0.3143
 0.3178
 0.3047
 0.3077
 0.3281
 0.3153
 0.3299
 0.3024
 0.3187
 0.3253
 0.2985
 0.2903
 0.2949
 0.3242
 0.3154
 0.3149
 0.3241
 0.3286
 0.3218
  0.339
 0.3259
 0.3246
 0.3053
 0.3079

--------------------------------------------------------------------------------------
Testname: GL_RACE
Date: 8/19/2013  Time: 5:53:42 PM
ID1: Old_D_21  ID2:   ID3: 
No. of Channels / Multichromatics: 1
No. of Cycles: 1

Multichromatic: 1
Cycle: 1
 0.2963
 0.3343
 0.3193
 0.3238
 0.3124
 0.3274
 0.3181
 0.3223
 0.3332
  0.327
 0.3095
 0.3076
 0.3151
 1.1731
  1.046
 0.7275
  0.526
 0.4504
 0.3734
 0.3656
 0.3841
 0.3776
 0.3539
 0.2976
 0.3088
 0.7456
 0.7893
 0.6715
 0.5385
 0.4115
 0.3306
 0.3189
   0.34
 0.3219
 0.3093
 0.2887
  0.296
 0.6656
 0.7533
 0.6982
 0.5001
 0.3595
 0.3238
 0.3376
 0.3339
 0.3166
 0.3282
 0.2849
 0.2989
 0.4843
 0.4341
 0.4232
 0.4653
 0.3901
 0.3315
 0.3036
 0.3487
 0.2995
 0.2944
 0.3112
 0.3056
 0.3851
 0.3975
  0.355
 0.3677
 0.3681
 0.3184
 0.3039
 0.3296
 0.3045
 0.2949
 0.2982
 0.3117
 0.3192
 0.3102
 0.3059
 0.3226
 0.3153
 0.3304
 0.3054
 0.3196
 0.3248
  0.302
 0.2927
 0.3072
 0.3306
 0.3219
 0.3227
 0.3376
 0.3315
 0.3327
 0.3542
 0.3351
 0.3268
 0.3086
 0.3164

--------------------------------------------------------------------------------------
Testname: GL_RACE
Date: 8/19/2013  Time: 5:56:15 PM
ID1: Old_D_22  ID2:   ID3: 
No. of Channels / Multichromatics: 1
No. of Cycles: 1

Multichromatic: 1
Cycle: 1
 0.2958
 0.3426
 0.3264
 0.3259
  0.308
 0.3306
 0.3229
 0.3063
 0.3338
 0.3305
 0.3138
 0.3035
 0.3184
 1.4672
 1.4128
 1.1179
 1.3749
 1.2395
 1.1847
 0.8237
 0.3937
 0.3702
 0.3555
 0.3001
 0.3057
 0.9868
 0.3993
 0.8237
 0.8247
 0.7409
 0.7181
 0.5514
 0.3665
 0.3151
 0.3161
 0.2887
   0.29
 0.5929
  0.455
 0.4215
 0.5772
 0.5553
 0.7195
 0.6176
 0.4215
 0.3194
 0.3197
 0.2893
 0.2975
 0.5152
 0.3592
 0.5476
 0.4662
 0.4051
 0.6573
 0.4691
 0.4039
 0.2969
 0.2983
 0.2891
 0.3059
 0.3776
 0.3421
 0.3523
 0.3929
  0.392
 0.4041
 0.4057
 0.3878
 0.2961
 0.2933
 0.2823
 0.3142
 0.3261
 0.3117
 0.3115
 0.3313
  0.325
 0.3304
 0.3048
 0.3149
 0.3193
 0.2989
 0.2862
 0.2994
 0.3319
  0.322
 0.3237
 0.3338
 0.3391
 0.3341
 0.3457
 0.3316
 0.3253
 0.3063
 0.3091

--------------------------------------------------------------------------------------
Testname: GL_RACE
Date: 8/19/2013  Time: 6:00:58 PM
ID1: Old_D_23  ID2:   ID3: 
No. of Channels / Multichromatics: 1
No. of Cycles: 1

Multichromatic: 1
Cycle: 1
 0.2941
 0.3252
 0.3109
 0.3063
  0.284
 0.3053
 0.3062
 0.3102
 0.3198
 0.3153
  0.322
 0.3102
 0.3183
 1.3268
 1.4377
 1.2844
 1.3521
 1.2825
   1.19
 1.1855
 0.7132
 0.4653
  0.366
  0.304
 0.3126
 0.9281
 0.9261
 0.8968
 0.8911
 0.7059
 0.7688
 0.6796
 0.5366
 0.3568
 0.3202
 0.2946
 0.3038
 0.5954
 0.5927
 0.7031
 0.5934
 0.5079
 0.5156
 0.5169
  0.528
 0.3312
 0.3177
 0.2904
 0.3008
 0.4003
  0.476
 0.5099
 0.4809
 0.6078
 0.4283
 0.3921
 0.4645
 0.3028
 0.2944
 0.3061
 0.3053
 0.4189
 0.4235
 0.4182
 0.3889
  0.395
 0.3765
 0.3764
 0.3817
 0.3023
 0.3059
 0.2903
 0.3216
 0.3391
 0.3238
 0.3164
 0.3352
 0.3207
 0.3382
 0.3086
  0.321
 0.3147
 0.3037
 0.2911
 0.3071
 0.3342
 0.3175
 0.3273
 0.3383
 0.3358
 0.3279
 0.3558
 0.3297
 0.3213
 0.3082
 0.3192

--------------------------------------------------------------------------------------
Testname: GL_RACE
Date: 8/19/2013  Time: 6:03:24 PM
ID1: Old_D_24  ID2:   ID3: 
No. of Channels / Multichromatics: 1
No. of Cycles: 1

Multichromatic: 1
Cycle: 1
 0.2958
 0.3306
 0.3202
 0.3182
 0.3004
 0.3255
 0.3117
 0.3145
 0.3288
 0.3278
 0.3201
  0.309
 0.3176
 1.0073
  1.003
 1.3294
 0.6059
 0.3533
 0.3786
 0.3602
 0.3886
 0.3811
 0.3647
 0.3056
 0.3074
 1.0294
  1.244
 0.7701
 0.3837
 0.3206
  0.332
 0.3153
 0.3425
 0.3159
  0.324
 0.2929
 0.3006
 0.6981
 0.8744
 0.8544
 0.4108
 0.3011
 0.3613
 0.3306
 0.3339
 0.3107
 0.3126
  0.291
 0.2982
 0.4758
 0.6204
 0.4319
 0.6222
 0.3034
 0.3364
 0.3021
 0.3411
 0.2951
 0.2924
 0.3058
 0.3007
 0.6037
   0.39
 0.5414
 0.5646
 0.3205
 0.3232
 0.3043
 0.3178
 0.3041
 0.2964
 0.2882
 0.3182
 0.3336
 0.3163
 0.3133
 0.3305
 0.3144
 0.3352
 0.3065
 0.3202
 0.3141
 0.3043
 0.2884
  0.304
 0.3298
 0.3148
 0.3238
 0.3355
 0.3314
 0.3248
 0.3528
 0.3277
 0.3203
 0.3088
 0.3152

--------------------------------------------------------------------------------------
Testname: GL_RACE
Date: 8/19/2013  Time: 6:06:44 PM
ID1: Old_B_25  ID2:   ID3: 
No. of Channels / Multichromatics: 1
No. of Cycles: 1

Multichromatic: 1
Cycle: 1
 0.2931
 0.3389
 0.3211
 0.3273
 0.3109
 0.3295
 0.3203
 0.3196
 0.3305
 0.3286
 0.3118
 0.3029
 0.3163
 0.3934
 0.3659
 0.3801
 0.4024
 0.3724
 0.3936
 0.3709
 0.4033
 0.3825
 0.3687
 0.3018
 0.2989
 0.3337
 0.3363
 0.3204
 0.3407
 0.3209
 0.3355
 0.3254
  0.342
 0.3152
 0.3195
 0.2889
 0.2833
 0.3236
 0.3267
 0.2999
 0.3298
 0.2919
 0.3263
 0.3311
 0.3393
 0.3083
 0.3171
 0.2884
 0.2926
 0.2871
 0.3067
 0.2948
 0.2977
 0.3047
 0.3348
 0.3045
 0.3506
 0.2981
 0.3002
 0.2912
 0.3074
  0.311
 0.3154
 0.2984
 0.3215
 0.3077
 0.3212
 0.3053
   0.32
 0.3011
 0.2951
 0.2829
 0.3118
 0.3162
 0.3064
 0.3032
 0.3236
 0.3157
 0.3322
  0.301
 0.3158
 0.3251
  0.303
 0.2872
 0.2978
 0.3269
 0.3201
 0.3208
   0.33
 0.3303
  0.322
 0.3433
 0.3206
 0.3215
 0.3005
 0.3054

--------------------------------------------------------------------------------------
Testname: GL_RACE
Date: 8/19/2013  Time: 6:09:28 PM
ID1: Old_B_26  ID2:   ID3: 
No. of Channels / Multichromatics: 1
No. of Cycles: 1

Multichromatic: 1
Cycle: 1
 0.2949
 0.3392
 0.3236
 0.3213
 0.3062
 0.3312
 0.3111
 0.3133
 0.3246
 0.3264
 0.3163
 0.3087
 0.3181
 0.3969
 0.3777
 0.3924
  0.405
 0.3735
 0.3924
 0.3782
 0.3998
 0.3992
  0.375
 0.3075
 0.3084
 0.3373
 0.3352
 0.3297
  0.343
 0.3312
 0.3391
 0.3283
   0.35
 0.3283
 0.3322
 0.2989
 0.3037
 0.3259
 0.3268
 0.3024
 0.3416
 0.3081
 0.3384
 0.3365
 0.3429
 0.3165
 0.3264
 0.2946
 0.3016
 0.3066
 0.3095
  0.298
 0.3084
 0.3083
 0.3396
 0.3058
 0.3445
 0.3042
 0.3011
 0.3119
 0.3057
 0.3113
 0.3147
 0.3096
 0.3243
 0.3169
 0.3301
   0.31
 0.3239
 0.3042
 0.3007
 0.2928
 0.3202
 0.3174
 0.3136
 0.3127
 0.3276
 0.3266
 0.3355
 0.3113
 0.3247
  0.321
 0.3016
 0.2918
  0.304
 0.3369
 0.3175
 0.3286
 0.3445
 0.3378
 0.3262
 0.3559
 0.3273
 0.3231
 0.3078
 0.3246

--------------------------------------------------------------------------------------
Testname: GL_RACE
Date: 8/19/2013  Time: 6:12:41 PM
ID1: Old_B_27  ID2:   ID3: 
No. of Channels / Multichromatics: 1
No. of Cycles: 1

Multichromatic: 1
Cycle: 1
 0.2939
 0.3409
 0.3271
 0.3284
 0.3102
 0.3311
 0.3234
 0.3224
 0.3335
 0.3305
 0.3148
  0.303
 0.3182
 0.3862
 0.3604
  0.381
 0.3987
 0.3749
  0.394
 0.3702
 0.3954
 0.3822
  0.362
 0.3034
 0.3034
 0.3328
 0.3366
  0.323
   0.34
 0.3237
 0.3368
 0.3247
 0.3455
 0.3191
 0.3251
 0.2892
 0.2874
 0.3225
  0.324
  0.293
 0.3268
 0.2878
 0.3239
 0.3252
 0.3398
 0.3129
 0.3222
 0.2911
  0.297
  0.286
 0.3075
 0.3004
 0.2938
 0.3009
 0.3348
 0.3035
 0.3511
 0.2972
 0.2995
 0.2911
 0.3065
 0.3125
 0.3183
 0.2989
 0.3229
 0.3077
 0.3192
 0.3033
 0.3236
 0.3027
 0.2984
 0.2844
 0.3154
 0.3171
 0.3092
 0.3042
 0.3234
 0.3175
 0.3307
 0.3004
 0.3222
 0.3242
 0.3033
 0.2918
 0.2951
 0.3271
  0.317
 0.3187
  0.327
 0.3274
 0.3237
 0.3416
 0.3244
 0.3193
  0.305
 0.3082

--------------------------------------------------------------------------------------
Testname: GL_RACE
Date: 8/19/2013  Time: 6:15:17 PM
ID1: Old_B_28  ID2:   ID3: 
No. of Channels / Multichromatics: 1
No. of Cycles: 1

Multichromatic: 1
Cycle: 1
 0.2862
 0.2998
 0.2896
 0.2805
 0.2736
 0.2883
 0.3044
 0.2908
 0.3018
 0.2904
 0.2978
 0.3112
  0.315
 0.3926
 0.3684
 0.3808
 0.3933
 0.3691
 0.3865
 0.3733
 0.3911
 0.3815
 0.3714
 0.2979
 0.3013
 0.3373
 0.3322
  0.318
 0.3389
 0.3214
 0.3382
  0.324
 0.3504
 0.3232
 0.3241
 0.2913
 0.2897
 0.3216
 0.3239
  0.286
 0.3285
 0.2964
 0.3312
 0.3299
 0.3332
 0.3128
  0.337
 0.2902
  0.292
 0.2926
  0.307
  0.297
  0.298
 0.3038
 0.3341
 0.3025
 0.3395
 0.2992
 0.2979
 0.3015
 0.3004
 0.3115
 0.3144
 0.2978
 0.3222
 0.3065
 0.3161
 0.3018
  0.324
 0.3062
 1.5969
 3.1996
 0.3103
 0.3146
 0.3052
 0.3002
 0.3208
 0.3122
 0.3284
 0.3022
 0.3216
 0.3171
 2.1927
 0.2892
 0.2968
 0.3261
 0.3139
 0.3231
 0.3297
 0.3244
 0.3172
 0.3341
 0.3239
 0.3199
 0.3003
 0.3136

