Testname: GL_RACE
Date: 9/6/2013  Time: 12:23:10 PM
ID1: 40  ID2: two  ID3: three
No. of Channels / Multichromatics: 1
No. of Cycles: 1

Multichromatic: 1
Cycle: 1
 0.2872
 0.3136
 0.3153
 0.3105
 0.3042
 0.3206
 0.2963
 0.2983
 0.3135
 0.2964
 0.2914
 0.2958
 0.2897
 1.3623
 1.2487
 0.9911
 0.3667
 0.3435
 0.3381
 0.4785
 0.6163
 0.3355
 0.3377
 0.3115
 0.2634
  1.039
 0.8116
 0.8927
  0.327
 0.3038
 0.3059
 0.3777
 0.3117
 0.2942
 0.3082
 0.2925
 0.2683
 0.7405
 1.0456
 1.9555
 0.8661
 0.3827
 0.3067
 0.3026
 0.3268
 0.3072
 0.3057
 0.2982
 0.2606
 0.5947
 0.5507
 0.6221
 0.5282
 0.2832
 0.2918
 0.2711
 0.2844
 0.2737
 0.2765
 0.2937
 0.2884
 0.4273
 0.4331
 0.5648
  0.436
  0.336
 0.2802
 0.2697
 0.2945
 0.2695
 0.2787
 0.3007
 0.2957
 0.3039
 0.3234
  0.309
 0.3305
 0.2818
 0.2784
 0.2587
 0.2804
 0.2716
 0.2689
 0.3003
 0.2969
 0.3304
 0.3239
 0.3369
 0.3332
 0.3266
 0.3322
 0.3323
 0.3445
 0.3255
 0.3113
 0.3064

--------------------------------------------------------------------------------------
Testname: GL_RACE
Date: 9/6/2013  Time: 12:32:22 PM
ID1: 41  ID2: two  ID3: three
No. of Channels / Multichromatics: 1
No. of Cycles: 1

Multichromatic: 1
Cycle: 1
 0.2842
 0.3094
 0.2965
 0.2931
  0.287
 0.2996
 0.2943
  0.282
 0.2797
 0.2871
 0.2844
  0.278
 0.2802
 1.4382
 1.2344
 0.9932
 0.3382
 0.3323
 0.3259
 0.3201
 0.3504
 0.3355
  0.337
 0.2967
 0.2536
 1.0925
 0.8769
 0.8615
 0.6431
 0.2896
 0.2904
 0.2735
 0.3227
 0.3019
 0.2973
 0.2913
 0.2549
 0.8472
 0.5987
 0.6751
 0.5807
 0.2884
 0.3023
 0.3006
 0.3093
 0.2943
 0.2993
 0.2943
 0.2551
 0.5442
 0.5308
 0.4903
 0.5054
 0.2876
 0.2972
 0.2693
 0.2986
 0.2792
 0.2741
 0.2917
 0.2716
 0.4402
 0.4692
 0.4482
 0.4129
 0.2914
 0.2727
 0.2785
 0.2779
 0.2617
 0.2665
 0.2945
 0.2628
  0.302
 0.3223
 0.2943
 0.3165
 0.2847
 0.2878
 0.2665
 0.2749
   0.27
 0.2606
 0.2958
 0.2963
 0.3284
 0.3163
 0.3246
 0.3328
 0.3293
  0.329
 0.3338
 0.3368
 0.3217
 0.3107
 0.3087

--------------------------------------------------------------------------------------
Testname: GL_RACE
Date: 9/6/2013  Time: 12:41:35 PM
ID1: 42  ID2: two  ID3: three
No. of Channels / Multichromatics: 1
No. of Cycles: 1

Multichromatic: 1
Cycle: 1
 0.2897
 0.3041
 0.2922
 0.2934
 0.2935
 0.2989
 0.2972
 0.2798
  0.287
  0.285
 0.2899
 0.2992
 0.2663
 1.3634
 1.1452
 0.3396
 0.3471
 0.3313
 0.3312
 0.3318
 0.3618
 0.3421
 0.3449
 0.3059
  0.274
 1.0132
 0.9838
 0.8508
 0.3119
 0.3039
   0.31
 0.2984
 0.3162
 0.2952
 0.2947
 0.2911
  0.271
 0.7174
 0.7598
 0.7358
 0.3425
 0.2837
 0.3072
 0.3074
 0.3182
 0.3044
 0.3024
 0.2917
  0.252
 0.5139
 0.5748
 0.6516
 0.5531
 0.2895
 0.2956
 0.2818
 0.2998
 0.2803
 0.2789
 0.2952
 0.2749
 0.3916
 0.3952
 0.4325
 0.3799
 0.2979
 0.2868
 0.2679
 0.2812
 0.2746
 0.2771
  0.293
 0.2811
 0.3317
 0.3046
 0.2941
 0.3161
  0.291
  0.275
 0.2609
 0.2857
 0.2649
 0.2754
 0.2939
 0.3014
 0.3345
 0.3232
 0.3299
 0.3409
 0.3349
 0.3388
 0.3436
 0.3419
 0.3245
 0.3128
 0.3154

--------------------------------------------------------------------------------------
Testname: GL_RACE
Date: 9/6/2013  Time: 12:50:47 PM
ID1: 43  ID2: two  ID3: three
No. of Channels / Multichromatics: 1
No. of Cycles: 1

Multichromatic: 1
Cycle: 1
 0.2844
 0.3088
 0.2923
 0.2888
 0.2934
 0.2931
 0.2906
 0.2829
 0.2842
 0.2926
 0.2827
 0.2788
 0.2966
 1.2349
 0.7965
 0.4322
 0.3399
 0.3277
 0.3305
 0.3167
  0.339
 0.3249
 0.3271
 0.2852
 0.2725
 0.9383
  0.471
 0.5431
 0.3031
 0.2854
 0.2924
 0.2924
 0.3078
 0.2947
 0.2972
 0.2776
 0.2619
  0.806
  0.887
 0.7762
 0.3009
 0.2838
 0.3012
 0.2947
 0.3103
 0.2894
 0.2995
 0.2804
 0.2759
  0.541
 0.5444
 0.5242
 0.2783
 0.4422
 0.2649
 0.2682
   0.28
 0.2565
 0.2585
 0.2747
 0.2663
 0.4061
 0.4152
  0.376
 0.6144
 0.2784
 0.2723
 0.2568
 0.2734
 0.2591
 0.2607
 0.2756
 0.2833
 0.4174
 0.3086
 0.2993
 0.3179
 0.2761
 0.2566
 0.2522
 0.2761
  0.251
 0.2578
 0.2737
 0.2894
  0.311
 0.3085
 0.3215
 0.3209
 0.3169
 0.3182
 0.3213
 0.3151
  0.307
 0.2943
 0.2926

--------------------------------------------------------------------------------------
Testname: GL_RACE
Date: 9/6/2013  Time: 1:00:02 PM
ID1: 44  ID2: two  ID3: three
No. of Channels / Multichromatics: 1
No. of Cycles: 1

Multichromatic: 1
Cycle: 1
 0.2929
  0.306
 0.3037
 0.3096
 0.2995
 0.3195
 0.3019
 0.3085
 0.3089
 0.2907
 0.2884
 0.3127
 0.2795
 1.1736
 1.3194
 0.6607
 0.3661
  0.346
 0.3531
  0.344
 0.3611
 0.3476
 0.3468
 0.3009
 0.2605
 0.6325
 1.1668
 0.4439
 0.3929
 0.7163
 0.3225
 0.2986
 0.3205
 0.3055
 0.3133
 0.2988
 0.2607
 0.6563
 0.8165
 0.2997
 0.3232
 0.2967
 0.3127
 0.3066
 0.3255
 0.3037
 0.3077
  0.291
 0.2584
 0.5415
  0.472
 0.4897
 0.4902
 0.2876
 0.2948
 0.2714
 0.3014
  0.286
 0.2801
 0.2964
  0.266
 0.4056
 0.3532
 0.4146
 0.5406
 0.2968
 0.3037
 0.2763
 0.2923
 0.2686
 0.2732
 0.2984
 0.2848
 0.3119
 0.3207
 0.3047
 0.4945
 0.2971
 0.2793
 0.2727
 0.2933
 0.2708
 0.2673
 0.2994
 0.2995
 0.3228
 0.3278
 0.3302
 0.3376
 0.3318
 0.3332
 0.3424
 0.3421
 0.3282
 0.3049
 0.3102

--------------------------------------------------------------------------------------
Testname: GL_RACE
Date: 9/6/2013  Time: 1:09:20 PM
ID1: 45  ID2: two  ID3: three
No. of Channels / Multichromatics: 1
No. of Cycles: 1

Multichromatic: 1
Cycle: 1
 0.2648
 0.2842
 0.2876
 0.2719
 0.2623
 0.2692
 0.2835
  0.248
 0.2526
 0.2616
 0.2588
 0.2826
 0.2818
 0.3546
 0.3434
 0.4136
 0.3616
 0.3412
 0.3553
 0.3424
 0.3734
   0.35
 0.3446
  0.313
 0.2589
 1.2301
 0.3138
 0.3025
  0.313
 0.3039
 0.2989
 0.2981
 0.3267
 0.3054
 0.3134
 0.3027
 0.2586
 0.6911
 0.9811
 0.2891
 0.3477
  0.293
 0.3128
 0.3141
 0.3262
 0.3033
 0.3091
 0.3067
 0.2403
 0.2887
 0.4463
 0.3379
 0.3652
 0.2877
 0.2912
 0.2824
 0.3003
 0.2763
 0.2719
 0.3019
 0.2584
 0.2964
 0.3793
  0.296
 0.3104
 0.2783
 0.2915
 0.2799
 0.2931
 0.2772
 0.2758
 0.3008
 0.2774
 0.2961
 0.3188
 0.2931
 0.3047
 0.2793
 0.2889
 0.2691
 0.2881
 0.2775
 0.2674
  0.297
 0.2996
 0.3284
 0.3227
 0.3294
  0.341
 0.3335
 0.3325
 0.3377
 0.3406
 0.3189
 0.3038
 0.3109

--------------------------------------------------------------------------------------
Testname: GL_RACE
Date: 9/6/2013  Time: 1:18:37 PM
ID1: 46  ID2: two  ID3: three
No. of Channels / Multichromatics: 1
No. of Cycles: 1

Multichromatic: 1
Cycle: 1
 0.2859
 0.3148
 0.3033
 0.3015
 0.2978
 0.3102
 0.3088
 0.3009
 0.3077
 0.3134
 0.3034
 0.3173
 0.2786
  1.251
 0.5023
 1.4072
 1.6835
 0.4225
 0.3589
 0.3333
 0.3594
 0.3457
 0.3402
 0.3163
 0.2842
 1.1315
 1.0159
 1.1682
 0.8925
 0.3649
 1.0198
 0.3039
 0.3218
 0.3007
 0.3071
 0.2969
 0.2704
 1.0789
 0.7575
 0.5953
 0.3668
 0.2919
 0.3894
 0.2912
 0.3079
 0.2836
 0.3063
 0.3061
 0.2833
 0.5001
 0.5274
 0.9755
 0.5153
 0.4237
  0.491
 0.5314
 0.2883
 0.2654
 0.2634
 0.2985
  0.257
 0.3992
 0.4044
 0.4104
 0.4824
 0.3702
  0.282
 0.2698
 0.2872
 0.2734
 0.2636
 0.3045
 0.2684
 0.3172
 0.3135
 0.3298
 0.3956
 0.2878
 0.2856
 0.2655
 0.2849
 0.2777
 0.2677
  0.305
 0.3002
 0.3231
  0.327
 0.3226
 0.3301
 0.3297
 0.3315
 0.3437
 0.3397
 0.3263
 0.3162
 0.3135

--------------------------------------------------------------------------------------
Testname: GL_RACE
Date: 9/6/2013  Time: 1:27:54 PM
ID1: 47  ID2: two  ID3: three
No. of Channels / Multichromatics: 1
No. of Cycles: 1

Multichromatic: 1
Cycle: 1
  0.297
 0.3133
 0.3087
 0.3017
 0.2986
 0.3062
 0.3023
 0.3043
 0.3146
 0.3125
 0.2969
 0.3106
 0.2862
 1.3699
 1.0574
 1.0548
 0.5324
 1.3787
 0.3504
 0.3372
 0.3601
 0.3469
  0.343
 0.3064
 0.2637
 0.9064
 0.7652
 0.7505
 1.7705
 0.3003
 0.3192
  0.308
 0.3227
 0.3077
 0.3107
 0.2975
 0.2767
 0.8608
 0.7242
 0.7015
 0.6036
 0.2989
 0.3134
 0.3037
 0.3243
 0.3043
 0.3105
 0.2972
 0.2583
 0.5067
 0.5123
 0.4959
 0.3641
 0.3849
 0.3041
  0.286
 0.3108
  0.281
 0.2737
 0.2952
 0.2591
 0.4267
 0.4225
 0.4358
 0.4104
 0.3581
 0.2938
 0.2797
 0.2913
 0.2716
 0.2686
 0.3036
 0.2679
 0.3276
 0.3089
 0.2956
 0.3244
 0.2929
 0.2809
 0.2668
 0.2797
 0.2711
 0.2678
 0.2926
 0.3065
 0.3347
 0.3372
 0.3367
 0.3444
 0.3356
 0.3379
 0.3424
 0.3459
 0.3289
 0.3156
 0.3098

--------------------------------------------------------------------------------------
Testname: GL_RACE
Date: 9/6/2013  Time: 1:37:08 PM
ID1: 48  ID2: two  ID3: three
No. of Channels / Multichromatics: 1
No. of Cycles: 1

Multichromatic: 1
Cycle: 1
 0.2962
 0.3069
 0.2987
 0.2958
 0.3053
 0.3139
  0.307
  0.309
 0.3159
 0.3207
 0.3078
 0.3138
 0.2869
  1.503
 1.2336
 1.0755
 0.3557
 0.3412
 0.3533
 0.3421
 0.3606
 0.3296
  0.344
 0.3142
 0.2659
 1.0192
 0.9134
 0.8871
   0.61
 0.3165
 0.3165
 0.3004
  0.318
 0.3039
 0.3027
 0.3017
 0.2667
 0.7324
 0.7148
 0.6132
 0.7016
  0.329
 0.3109
 0.3051
 0.3159
 0.2988
  0.303
 0.2986
 0.2641
 0.2953
 0.5137
 0.4689
 0.5312
 0.2874
 0.2911
 0.2801
 0.3024
 0.2815
 0.2766
  0.297
 0.2682
 0.3032
 0.4048
 0.3807
 0.4233
 0.2944
 0.2883
 0.2759
 0.2806
  0.267
 0.2688
 0.2957
 0.2786
 0.3026
 0.3014
 0.2957
 0.3114
  0.298
 0.2814
 0.2673
 0.2867
 0.2711
 0.2614
 0.2992
  0.297
 0.3142
 0.3149
 0.3179
 0.3258
 0.3249
 0.3246
 0.3321
 0.3308
 0.3241
 0.3101
 0.3084

--------------------------------------------------------------------------------------
Testname: GL_RACE
Date: 9/6/2013  Time: 1:46:23 PM
ID1: 49  ID2: two  ID3: three
No. of Channels / Multichromatics: 1
No. of Cycles: 1

Multichromatic: 1
Cycle: 1
  0.297
 0.3007
    0.3
 0.2944
 0.2623
 0.2731
 0.3045
 0.3013
 0.3083
 0.3107
 0.3098
 0.3158
    0.3
 1.2774
 1.2525
 0.8759
 1.1779
 1.3709
 0.3419
 0.3411
 0.3688
 0.3464
 0.3428
 0.3131
 0.2679
 1.2497
 1.0272
 0.7661
 0.7094
 0.6157
 0.3189
 0.2853
 0.3189
  0.289
 0.3112
 0.3064
 0.2887
 0.8349
 0.6324
 0.6495
 0.6099
 0.4815
 0.6107
  0.308
 0.3272
  0.304
 0.3094
 0.3025
  0.258
  0.538
   0.37
 0.3468
 0.5017
 0.4134
 0.2938
 0.2746
 0.2968
 0.2738
 0.2733
 0.2959
 0.2738
 0.4111
 0.4068
 0.3539
 0.4696
 0.3514
 0.3442
 0.2732
 0.2747
 0.2619
 0.2664
 0.2936
  0.285
 0.3279
 0.3206
  0.317
 0.3405
 0.2943
 0.2854
  0.267
 0.2926
 0.2726
 0.2678
 0.3015
 0.2939
 0.3261
 0.3273
 0.3384
 0.3421
 0.3329
 0.3361
 0.3357
 0.3365
 0.3212
 0.3076
 0.3031

--------------------------------------------------------------------------------------
Testname: GL_RACE
Date: 9/6/2013  Time: 1:55:39 PM
ID1: 50  ID2: two  ID3: three
No. of Channels / Multichromatics: 1
No. of Cycles: 1

Multichromatic: 1
Cycle: 1
 0.2894
 0.3058
  0.301
 0.2946
 0.3028
  0.286
 0.3056
 0.3024
 0.3018
 0.3051
 0.2924
 0.3104
 0.2893
 1.2758
 0.9692
 0.9726
  0.355
 0.3157
 0.3399
 0.3406
 0.3583
  0.348
 0.3407
 0.3116
  0.262
 1.0952
 1.2505
 0.9616
 0.6482
 0.6952
 0.8002
 0.3072
 0.3272
 0.3046
 0.3193
 0.2975
 0.2798
 0.8312
 0.7779
 0.5795
 0.3346
 0.5096
 0.4812
 0.3035
 0.3239
 0.3043
 0.3099
 0.3006
 0.2582
  0.523
 0.6713
 0.4997
 0.4849
 0.2921
 0.3007
 0.2683
  0.297
 0.2806
 0.2753
 0.3031
 0.2699
 0.3973
 0.4065
 0.4232
 0.4217
 0.3687
 0.3538
 0.2773
 0.2884
 0.2674
 0.2674
 0.2996
 0.2828
 0.3269
 0.3198
 0.3062
 0.3345
 0.2967
 0.2836
 0.2761
 0.2837
 0.2767
 0.2623
 0.3016
 0.2958
 0.3207
 0.3226
 0.3261
  0.335
 0.3297
 0.3348
 0.3442
 0.3407
 0.3244
 0.3153
 0.3116

--------------------------------------------------------------------------------------
Testname: GL_RACE
Date: 9/6/2013  Time: 2:04:57 PM
ID1: 51  ID2: two  ID3: three
No. of Channels / Multichromatics: 1
No. of Cycles: 1

Multichromatic: 1
Cycle: 1
  0.284
 0.3015
 0.2914
 0.2936
 0.2933
 0.3011
 0.2993
 0.2926
 0.2987
 0.3089
 0.2889
 0.3015
 0.2768
 1.4225
 1.3939
 1.0105
 0.3512
 0.3319
 0.3378
 0.3318
 0.3462
 0.3277
 0.3313
 0.3016
 0.2576
 1.1305
 1.3569
  0.895
 0.3148
 0.3035
 0.3032
 0.3126
 0.2984
 0.2884
 0.2967
 0.2879
 0.2637
 0.7005
 0.7728
 0.5576
 0.6575
 0.2885
 0.2967
 0.2931
 0.3101
 0.2961
 0.3019
 0.2923
 0.2618
 0.5084
 0.5103
   0.57
 0.2875
 0.2823
 0.2852
  0.269
 0.2942
 0.2747
 0.2664
 0.2897
 0.2654
 0.4262
 0.4143
 0.4426
 0.3007
 0.2908
 0.2802
 0.2715
 0.2627
 0.2651
  0.266
 0.2934
 0.2757
 0.3252
 0.3046
  0.295
 0.3063
   0.29
 0.2703
 0.2588
  0.279
 0.2662
 0.2624
  0.295
 0.2909
 0.3117
 0.3222
 0.3262
 0.3318
 0.3219
 0.3259
  0.329
   0.33
 0.3142
 0.3056
 0.3045

--------------------------------------------------------------------------------------
Testname: GL_RACE
Date: 9/6/2013  Time: 2:30:50 PM
ID1: 2  ID2: two  ID3: three
No. of Channels / Multichromatics: 1
No. of Cycles: 1

Multichromatic: 1
Cycle: 1
 0.2683
 0.2796
  0.311
 0.2759
 0.2515
 0.2624
 0.2647
 0.2473
 0.2553
 0.2551
 0.2673
 0.2931
 0.2791
  0.999
 0.7437
 0.8491
 0.9078
 0.9789
 1.0129
 1.3633
 0.9886
 0.7328
 0.6401
 0.3105
 0.2278
 1.2502
 1.1885
 0.4169
 0.5901
 0.3005
 0.3082
  0.321
  0.385
 0.7804
 0.2986
 0.2901
 0.2592
 0.8434
 0.8616
 0.8457
 0.5471
 0.3397
 0.5163
   0.32
 0.4167
  0.461
 0.2782
 0.2948
 0.2577
  0.599
 0.6918
 0.6836
 0.4884
 0.4294
 0.4606
 0.3972
 0.8783
 0.5708
 0.2751
 0.2919
 0.2631
 0.4197
 0.4851
 0.4513
 0.5051
 0.4626
 0.3948
 0.5063
 0.5506
  0.322
 0.2658
 0.2901
 0.2925
 0.3237
 0.3513
 0.4001
 0.4971
 0.4296
 0.2985
 0.2703
 0.2757
 0.2521
 0.2474
 0.2912
 0.2992
 0.3163
 0.3064
 0.3112
 0.3231
 0.3206
 0.3133
 0.3173
 0.3214
 0.3101
 0.3038
 0.2994

--------------------------------------------------------------------------------------
Testname: GL_RACE
Date: 9/6/2013  Time: 2:42:42 PM
ID1: 3  ID2: two  ID3: three
No. of Channels / Multichromatics: 1
No. of Cycles: 1

Multichromatic: 1
Cycle: 1
 0.2889
 0.3084
 0.2945
 0.2937
 0.2934
  0.306
 0.3012
 0.2984
 0.3049
 0.3097
 0.2959
 0.3067
 0.2943
  1.206
 1.1581
 0.6266
 0.5111
 0.3821
 0.3344
 0.3319
 0.3577
 0.3392
 0.3356
  0.296
 0.2766
 1.0155
 0.8485
 0.8957
  0.426
 0.4176
 0.3208
 0.2964
 0.3206
 0.3016
 0.3071
 0.2818
 0.2792
 0.7251
 0.7842
 0.6554
 0.4816
 0.3453
 0.3878
 0.3013
  0.307
 0.2972
 0.3006
 0.2844
 0.2782
 0.5236
 0.5014
  0.509
 0.4537
 0.3396
 0.3641
 0.2865
 0.2919
 0.2802
 0.2714
  0.284
 0.2845
 0.4041
 0.4022
 0.3967
 0.4099
 0.3308
 0.3647
  0.298
 0.2939
 0.2779
 0.2658
 0.2808
 0.2856
 0.3234
 0.3262
 0.3188
 0.3354
   0.32
 0.3076
 0.2748
 0.3012
 0.2677
 0.2725
 0.2858
 0.3009
  0.327
 0.3237
 0.3331
  0.344
 0.3352
 0.3393
 0.3332
 0.3378
 0.3174
 0.3084
 0.3015

--------------------------------------------------------------------------------------
Testname: GL_RACE
Date: 9/6/2013  Time: 2:54:37 PM
ID1: 4  ID2: two  ID3: three
No. of Channels / Multichromatics: 1
No. of Cycles: 1

Multichromatic: 1
Cycle: 1
  0.286
 0.3052
 0.2983
 0.2905
 0.2978
 0.3005
  0.298
 0.2968
 0.3002
 0.3033
 0.2968
 0.3008
 0.2729
 1.3142
 0.9394
 0.6844
 0.6687
 0.3684
 0.3403
 0.3387
  0.352
 0.3337
 0.3372
 0.2913
  0.252
 1.2573
  0.962
 0.7371
  0.607
 0.3478
  0.324
   0.31
 0.3271
 0.3043
    0.3
 0.2794
 0.2545
  0.865
 0.8918
 0.6981
  0.575
 0.4079
  0.313
 0.3057
 0.3166
 0.2978
 0.2993
 0.2777
  0.252
 0.5981
 0.6086
 0.5695
 0.5813
 0.3462
 0.3032
  0.293
 0.3073
 0.2783
 0.2742
 0.2763
 0.2589
 0.4841
 0.4543
  0.451
 0.4605
 0.4265
 0.3069
 0.2861
 0.2967
 0.2623
 0.2592
 0.2765
 0.2555
  0.333
 0.3253
 0.3183
  0.341
 0.3158
 0.2837
 0.2695
 0.2952
 0.2739
 0.2748
 0.2787
 0.3005
 0.3227
 0.3269
 0.3313
 0.3398
 0.3302
  0.333
 0.3324
 0.3336
 0.3117
 0.2997
 0.2972

--------------------------------------------------------------------------------------
Testname: GL_RACE
Date: 9/6/2013  Time: 3:06:33 PM
ID1: 5  ID2: two  ID3: three
No. of Channels / Multichromatics: 1
No. of Cycles: 1

Multichromatic: 1
Cycle: 1
 0.3009
 0.3303
 0.3216
 0.3212
 0.3178
 0.3308
 0.3256
 0.3231
 0.3337
 0.3174
 0.3156
 0.3299
 0.3058
 0.9104
  0.597
 0.5051
 0.4036
 0.3381
 0.3543
 0.3414
 0.3652
  0.358
 0.3457
 0.3112
 0.2796
 1.0696
 0.6013
 0.4582
 0.4269
 0.3113
 0.3291
 0.3141
 0.3393
 0.3167
 0.3166
  0.294
 0.2872
 0.7596
 0.7474
 0.7372
 0.3916
 0.3069
 0.3207
 0.3157
 0.3307
 0.3091
 0.3102
 0.2993
 0.2759
 0.5915
 0.5978
 0.5919
 0.6109
 0.3337
 0.3125
 0.2961
  0.311
 0.2904
 0.2833
 0.2975
 0.2789
 0.4871
 0.4883
 0.4915
 0.5032
 0.4643
 0.3262
 0.2967
 0.3157
 0.2944
 0.2869
 0.2989
 0.2821
 0.3417
  0.343
 0.3217
 0.3493
 0.3256
 0.3276
 0.3017
 0.3161
 0.2924
 0.2865
 0.2985
 0.3066
 0.3417
 0.3445
 0.3519
 0.3564
 0.3495
 0.3526
 0.3521
 0.3538
 0.3397
 0.3263
 0.3183

--------------------------------------------------------------------------------------
Testname: GL_RACE
Date: 9/6/2013  Time: 3:18:30 PM
ID1: 6  ID2: two  ID3: three
No. of Channels / Multichromatics: 1
No. of Cycles: 1

Multichromatic: 1
Cycle: 1
 0.2906
  0.305
 0.2911
 0.2848
 0.2827
 0.2871
 0.2922
 0.2776
 0.2766
  0.282
 0.2781
 0.2929
 0.2879
 0.7815
  0.617
 0.4385
  0.374
 0.3404
 0.3451
 0.3318
  0.353
 0.3359
 0.3384
 0.2986
 0.2602
   1.16
 0.5843
 0.4005
 0.3462
 0.3047
 0.3136
 0.3024
 0.3186
 0.3061
 0.3063
  0.286
 0.2687
 0.8322
 0.7951
 0.8211
 0.3473
 0.3011
 0.3107
 0.3033
 0.3211
 0.2998
 0.3089
 0.2882
 0.2607
  0.533
 0.7053
 0.6704
 0.4392
 0.2968
 0.3043
 0.2899
 0.3056
 0.2812
 0.2832
 0.2834
 0.2722
 0.4195
 0.4147
  0.606
 0.5878
 0.3047
 0.3089
 0.2901
 0.3067
 0.2907
  0.286
 0.2842
 0.2843
 0.4744
 0.4921
 0.3053
  0.333
 0.3067
 0.3121
 0.2828
  0.293
 0.2813
 0.2837
 0.2856
 0.3044
 0.3281
  0.321
 0.3309
 0.3382
 0.3313
 0.3292
 0.3321
 0.3348
 0.3188
 0.3044
 0.3015

--------------------------------------------------------------------------------------
Testname: GL_RACE
Date: 9/6/2013  Time: 3:30:29 PM
ID1: 7  ID2: two  ID3: three
No. of Channels / Multichromatics: 1
No. of Cycles: 1

Multichromatic: 1
Cycle: 1
 0.2846
 0.3121
 0.2977
 0.3009
 0.2964
 0.3017
 0.3033
 0.3067
 0.3084
 0.3116
 0.3244
 0.3114
 0.2786
 0.7759
 0.6109
 0.6132
 0.6977
 0.3433
  0.348
 0.3358
 0.3534
 0.3404
 0.3385
 0.3046
 0.2546
 0.7087
  0.606
 0.4562
 0.4139
 0.3103
 0.3165
 0.3064
 0.3257
 0.3115
 0.3047
 0.2923
 0.2741
 0.9193
 0.9206
 0.5495
 0.6239
 0.3014
 0.3107
 0.3044
 0.3177
 0.3015
 0.3074
 0.2916
 0.2565
 0.5166
 0.7054
 0.5184
 0.7034
 0.2952
 0.3066
 0.2887
 0.3101
 0.2815
 0.2789
 0.2874
  0.264
 0.6647
 0.4093
 0.5962
 0.4571
 0.3041
 0.3068
 0.2958
 0.2986
 0.2798
 0.2825
 0.2893
  0.274
 0.3286
 0.3169
 0.3196
 0.3461
 0.3146
 0.3028
 0.2886
 0.2971
  0.283
  0.288
 0.2919
 0.3007
  0.327
 0.3306
  0.337
   0.34
 0.3329
 0.3318
  0.335
 0.3371
 0.3205
 0.3092
 0.3034

--------------------------------------------------------------------------------------
Testname: GL_RACE
Date: 9/6/2013  Time: 3:42:30 PM
ID1: 8  ID2: two  ID3: three
No. of Channels / Multichromatics: 1
No. of Cycles: 1

Multichromatic: 1
Cycle: 1
 0.2755
  0.283
 0.2769
 0.2684
 0.2678
 0.2769
 0.2737
 0.2591
 0.2659
 0.2677
 0.2682
 0.3012
 0.2795
 1.5362
 1.5159
  0.998
 0.9983
 0.7792
 0.7471
  0.628
  0.539
 0.4207
  0.341
 0.3022
 0.2507
 0.9035
 0.9389
 1.1351
 0.6976
 0.7441
  0.671
 0.5564
 0.4756
 0.3126
 0.3122
 0.2908
 0.2575
 0.6998
 0.7108
 0.6325
 0.6321
  0.692
 0.5972
  0.616
  0.492
  0.306
 0.3096
 0.2909
 0.2523
 0.5458
 0.5219
 0.4976
 0.4958
 0.4187
 0.4655
 0.4251
 0.3681
 0.2897
 0.2846
 0.2903
  0.263
 0.3936
 0.3967
 0.4019
 0.5578
 0.3922
 0.4257
 0.3327
 0.3163
 0.3004
 0.2862
 0.2867
 0.2742
 0.3237
 0.3199
 0.3247
 0.3488
 0.3437
 0.3124
 0.2771
 0.3038
 0.2787
 0.2807
 0.2891
 0.3047
  0.337
 0.3302
 0.3472
 0.3436
 0.3337
 0.3308
 0.3371
 0.3321
 0.3189
  0.306
 0.3046

--------------------------------------------------------------------------------------
Testname: GL_RACE
Date: 9/6/2013  Time: 3:54:28 PM
ID1: 9  ID2: two  ID3: three
No. of Channels / Multichromatics: 1
No. of Cycles: 1

Multichromatic: 1
Cycle: 1
 0.2917
 0.3013
 0.2948
 0.2776
 0.2833
 0.2903
 0.2937
 0.2845
 0.3001
 0.2958
 0.2989
 0.3002
 0.2891
 1.5031
 1.5275
 1.2903
 1.1695
 0.5464
 0.7165
 0.3943
 0.4007
 0.3833
  0.349
 0.3093
 0.2681
 0.9786
 0.8752
 0.8966
 0.9581
 0.9937
 0.5414
 0.3763
 0.4125
 0.3107
 0.3094
 0.2936
 0.2707
 0.6996
 0.6836
 0.6108
 0.6289
 0.6354
 0.6735
 0.5302
 0.3799
  0.312
  0.319
 0.2948
 0.2675
 0.5091
 0.4921
 0.4702
 0.4685
 0.4154
  0.462
 0.3989
 0.3541
 0.2945
 0.2812
  0.291
 0.2684
  0.415
 0.4106
 0.3907
 0.4064
 0.3726
 0.3873
 0.3501
 0.3117
 0.2788
 0.2922
 0.2866
 0.2789
 0.3162
 0.3138
 0.3083
 0.3309
 0.3133
 0.3034
   0.28
 0.2836
 0.2712
 0.2785
 0.2911
 0.2941
 0.3246
 0.3204
 0.3305
 0.3361
 0.3281
 0.3349
  0.339
 0.3406
  0.325
 0.3093
 0.3072

--------------------------------------------------------------------------------------
Testname: GL_RACE
Date: 9/6/2013  Time: 4:06:23 PM
ID1: 10  ID2: two  ID3: three
No. of Channels / Multichromatics: 1
No. of Cycles: 1

Multichromatic: 1
Cycle: 1
 0.2895
 0.2972
 0.2889
 0.2723
 0.2676
 0.2762
 0.2781
 0.2665
 0.2749
 0.2717
 0.2822
 0.2953
 0.2895
 1.2291
 1.0418
 1.0957
 0.5535
 0.4778
 0.3407
 0.3378
 0.3576
 0.3252
 0.3448
 0.3068
 0.2667
 1.0089
 0.9064
 0.9008
 0.7284
 0.4022
 0.3116
 0.3052
 0.3211
 0.2823
 0.3119
 0.2975
  0.267
 0.6848
 0.7272
 0.6021
 0.5954
 0.4217
 0.3106
 0.3093
 0.3153
 0.2949
 0.3067
 0.2968
 0.2614
 0.5333
 0.5093
 0.4491
 0.5229
 0.3914
 0.2994
 0.2896
 0.2832
 0.2666
 0.2673
 0.2955
 0.2676
 0.4168
 0.4125
 0.4002
 0.4311
 0.3565
 0.2964
 0.2796
 0.2915
 0.2657
 0.2774
  0.291
 0.2738
 0.3168
 0.3124
 0.3052
  0.323
 0.3079
 0.2762
 0.2679
 0.2815
 0.2688
 0.2625
 0.2904
 0.2929
 0.3281
 0.3182
 0.3275
 0.3352
 0.3293
 0.3291
 0.3381
 0.3365
 0.3231
 0.3135
 0.3089

--------------------------------------------------------------------------------------
Testname: GL_RACE
Date: 9/6/2013  Time: 4:18:21 PM
ID1: 11  ID2: two  ID3: three
No. of Channels / Multichromatics: 1
No. of Cycles: 1

Multichromatic: 1
Cycle: 1
 0.3039
 0.3496
 0.2772
 0.2813
 0.2631
 0.2769
 0.2637
  0.254
 0.2407
 0.4008
 0.2873
 0.3026
 0.2969
 1.4872
 1.5692
 1.2638
 1.2079
 0.6189
 1.1111
 1.2442
 0.6044
 0.5626
 0.3604
 0.3284
 0.2707
 1.1776
 1.0272
 0.9697
 0.9521
 0.7641
 0.7275
 0.7231
  1.053
 0.5469
 0.3289
 0.3171
 0.2566
 0.4315
 0.7095
 0.5724
 0.7988
 0.6347
 0.5982
 0.6108
 0.5708
 0.4635
 0.3238
 0.2933
 0.2754
 0.3531
 0.3843
 0.4037
 0.4312
 0.5584
 0.4317
 0.5256
 0.5326
 0.4258
 0.2958
 0.2914
 0.2773
 0.4355
 0.3469
 0.3651
 0.4162
 0.4071
 0.4004
 0.4028
 0.4245
 0.3726
 0.2966
 0.2932
 0.2568
  0.328
 0.3237
 0.3097
 0.3313
 0.3193
 0.3156
 0.2815
 0.3028
 0.2877
 0.2701
 0.3047
 0.2854
 0.3282
 0.3283
 0.3508
 0.3592
 0.3513
 0.3441
 0.3184
 0.3548
 0.3413
 0.3339
 0.3217

--------------------------------------------------------------------------------------
Testname: GL_RACE
Date: 9/6/2013  Time: 4:30:22 PM
ID1: 12  ID2: two  ID3: three
No. of Channels / Multichromatics: 1
No. of Cycles: 1

Multichromatic: 1
Cycle: 1
 0.2948
 0.3176
 0.3031
 0.2983
 0.3064
 0.3107
 0.3073
  0.306
 0.3049
 0.3092
 0.2982
 0.3091
   0.29
  1.428
 1.3329
 1.2057
 0.9955
 1.1794
 1.1837
 1.1436
 0.5424
 0.3767
 0.3425
  0.299
 0.2708
 0.9599
 0.7179
 0.8877
 0.7346
 0.6121
 0.6579
 0.7453
 0.5451
 0.3668
 0.3113
 0.2865
 0.2834
 0.6265
 0.5998
 0.5748
 0.5525
 0.4794
 0.4533
 0.4937
 0.5011
 0.3224
 0.3107
 0.2849
 0.2747
 0.4727
 0.5204
 0.5428
 0.5995
 0.3936
 0.3901
 0.4158
 0.4392
 0.3276
 0.2931
 0.2878
 0.2747
 0.6568
 0.4059
 0.4091
 0.4482
 0.3629
 0.3624
 0.3593
 0.3742
 0.3438
  0.285
 0.2829
 0.2765
  0.334
 0.3204
 0.3193
 0.3378
 0.3209
 0.3091
 0.2917
 0.3041
 0.2907
 0.2842
 0.2834
 0.2998
 0.3275
 0.3271
 0.3275
 0.3364
 0.3364
  0.336
 0.3353
 0.3283
 0.3109
 0.3058
 0.3086

--------------------------------------------------------------------------------------
Testname: GL_RACE
Date: 9/6/2013  Time: 4:42:23 PM
ID1: 13  ID2: two  ID3: three
No. of Channels / Multichromatics: 1
No. of Cycles: 1

Multichromatic: 1
Cycle: 1
 0.2872
 0.3094
 0.2972
 0.2884
 0.2846
 0.2933
 0.2866
 0.2835
 0.2806
 0.2903
 0.2904
 0.2931
 0.2887
 1.1294
 0.4892
 1.4595
  0.706
 0.6548
 0.3385
 0.4827
 0.3508
 0.3321
  0.332
 0.2927
 0.2673
  0.859
 1.2548
 0.6646
 0.6149
 0.6616
 0.7592
 0.3302
 0.3128
 0.2978
 0.3021
 0.2798
 0.2746
 0.6906
 0.6959
 0.7092
  1.364
 0.4355
 0.3023
 0.6541
 0.3182
  0.298
 0.3001
 0.2803
 0.2701
 0.5167
 0.4811
 0.4963
 0.4868
 0.7471
 0.4641
 0.2894
  0.303
  0.287
 0.2774
 0.2792
 0.2772
 0.5487
 0.4042
 0.3957
 0.6316
 0.4236
 0.3477
 0.3749
 0.3103
 0.2846
 0.2807
 0.2786
 0.2824
 0.3312
 0.3105
 0.3038
 0.3246
 0.3074
 0.3269
 0.2782
 0.3007
 0.2817
 0.2681
 0.2778
 0.2948
 0.3217
 0.3115
 0.3195
  0.323
 0.3242
 0.3192
 0.3265
 0.3273
   0.32
 0.3009
 0.2995

--------------------------------------------------------------------------------------
Testname: GL_RACE
Date: 9/6/2013  Time: 4:53:05 PM
ID1: 26  ID2: two  ID3: three
No. of Channels / Multichromatics: 1
No. of Cycles: 1

Multichromatic: 1
Cycle: 1
  0.293
 0.3174
 0.3063
 0.2991
 0.3043
 0.3115
 0.3101
 0.3064
 0.3091
 0.3142
   0.31
  0.306
 0.2985
 0.3493
 0.3418
 0.3359
 0.3515
 0.2864
 0.3451
 0.3318
  0.351
 0.3407
 0.3544
 0.2999
 0.2808
 0.3123
 0.3187
 0.2975
 0.3169
 0.3012
 0.3099
 0.3007
 0.3208
 0.3004
  0.303
 0.2852
 0.2875
 0.3074
 0.3117
 0.2976
 0.3183
 0.2954
 0.3066
 0.2963
 0.3118
 0.2957
 0.2956
 0.2871
 0.2786
  0.293
 0.2956
 0.2839
 0.2978
 0.2903
 0.2967
 0.2873
 0.3087
 0.2748
 0.2732
 0.2805
  0.288
 0.3017
 0.3011
 0.2897
 0.3097
 0.2976
 0.3043
 0.2835
  0.296
 0.2739
 0.2723
 0.2807
 0.2893
 0.3061
 0.3028
 0.2961
 0.3183
  0.302
  0.303
 0.2862
 0.3024
 0.2806
 0.2814
  0.283
  0.295
 0.3229
 0.3344
 0.3362
 0.3399
 0.3355
 0.3344
 0.3394
  0.335
 0.3213
 0.3079
 0.3002

--------------------------------------------------------------------------------------
Testname: GL_RACE
Date: 9/6/2013  Time: 4:56:13 PM
ID1: 27  ID2: two  ID3: three
No. of Channels / Multichromatics: 1
No. of Cycles: 1

Multichromatic: 1
Cycle: 1
 0.2952
   0.32
 0.3056
 0.2989
 0.3098
 0.3131
 0.3072
 0.3052
 0.3096
 0.3087
  0.304
 0.3057
 0.3065
 0.3365
 0.3333
 0.3272
 0.3314
  0.281
  0.332
 0.3216
 0.3446
 0.3317
 0.3161
 0.2924
 0.2846
 0.3107
 0.3105
 0.3006
 0.3135
 0.2656
 0.3085
 0.2978
 0.3211
 0.3024
 0.3025
 0.2822
 0.2898
 0.3054
 0.3047
 0.2917
 0.3109
 0.2941
 0.3066
 0.2987
 0.3155
  0.294
 0.3003
  0.284
 0.2833
 0.2905
 0.2949
 0.2847
 0.2976
 0.2886
 0.2989
 0.2841
 0.2978
  0.276
 0.2818
 0.2822
 0.2903
 0.3032
 0.3004
 0.2874
 0.3084
 0.2945
 0.3032
 0.2858
  0.295
 0.2796
 0.2744
 0.2812
 0.2983
 0.3042
 0.3032
 0.2933
 0.3156
 0.3029
 0.3081
 0.2841
 0.3067
 0.2872
 0.2773
 0.2849
 0.2949
 0.3271
 0.3209
 0.3358
 0.3382
 0.3377
 0.3292
 0.3256
 0.3276
 0.3137
 0.3011
 0.2994

--------------------------------------------------------------------------------------
Testname: GL_RACE
Date: 9/6/2013  Time: 4:59:20 PM
ID1: 28  ID2: two  ID3: three
No. of Channels / Multichromatics: 1
No. of Cycles: 1

Multichromatic: 1
Cycle: 1
 0.2771
 0.3021
 0.2808
 0.2685
  0.264
 0.2777
 0.2795
 0.2648
  0.271
 0.2803
 0.2762
  0.283
 0.2877
 0.3331
 0.3252
   0.32
 0.3355
 0.2639
 0.3267
 0.3207
 0.3403
 0.3196
 0.3245
 0.2861
 0.2774
 0.2971
 0.2943
 0.2826
 0.3029
 0.2888
 0.2903
 0.2842
 0.3044
 0.2911
 0.2988
 0.2745
 0.2772
 0.2938
 0.2896
 0.2765
 0.2994
 0.2845
 0.2965
  0.288
 0.3117
 0.2865
 0.2895
  0.278
 0.2735
 0.2805
 0.2851
 0.2723
 0.2792
 0.2789
 0.2855
 0.2707
 0.2879
 0.2701
  0.266
 0.2734
 0.2838
 0.2929
 0.2927
 0.2779
 0.2965
 0.2908
 0.2947
   0.28
 0.2939
 0.2803
 0.2768
 0.2738
 0.2827
 0.2974
 0.2895
 0.2864
 0.3054
 0.2929
 0.2909
 0.2751
 0.2912
  0.272
 0.2706
  0.273
 0.2894
 0.3187
 0.3087
 0.3121
 0.3193
 0.3157
 0.3116
 0.3169
 0.3155
 0.3079
 0.2934
 0.2897

--------------------------------------------------------------------------------------
Testname: GL_RACE
Date: 9/6/2013  Time: 5:02:28 PM
ID1: 29  ID2: two  ID3: three
No. of Channels / Multichromatics: 1
No. of Cycles: 1

Multichromatic: 1
Cycle: 1
 0.2829
 0.3043
 0.2944
 0.2843
 0.2839
 0.2936
 0.2932
 0.2829
 0.2989
 0.2944
 0.2914
 0.2984
 0.2961
 0.3368
  0.327
 0.3285
 0.3453
 0.2604
 0.3377
 0.3306
 0.3517
 0.3346
 0.3422
 0.2972
 0.2829
 0.2984
 0.3046
 0.2931
 0.3093
 0.3012
  0.306
 0.3019
 0.3183
 0.3031
 0.3055
 0.2834
 0.2842
 0.3005
 0.3028
 0.2818
 0.3097
 0.2871
 0.3046
 0.2989
 0.3142
 0.2968
 0.3021
 0.2859
 0.2756
 0.2847
 0.2974
 0.2895
 0.2974
 0.2843
 0.2926
 0.2837
 0.2953
 0.2781
 0.2796
 0.2833
 0.2837
  0.301
 0.2993
 0.2886
 0.3064
 0.2999
  0.306
 0.2808
 0.3019
 0.2919
 0.2851
 0.2826
 0.2917
 0.2987
 0.3007
 0.2927
 0.3212
 0.3024
 0.3083
 0.2805
  0.309
 0.2987
 0.2811
 0.2816
 0.2892
 0.3154
 0.3086
 0.3167
  0.327
 0.3225
 0.3213
 0.3213
 0.3304
 0.3116
 0.3019
 0.2988

--------------------------------------------------------------------------------------
Testname: GL_RACE
Date: 9/6/2013  Time: 5:08:30 PM
ID1: Old_ND_01  ID2:   ID3: 
No. of Channels / Multichromatics: 1
No. of Cycles: 1

Multichromatic: 1
Cycle: 1
 0.3087
 0.3164
 0.2892
 0.3267
 0.3214
 0.3325
 0.3227
 0.3204
 0.3241
 0.3213
 0.3096
 0.3016
 0.3247
 1.3518
 1.1602
 0.6061
 0.3881
 0.3643
  0.364
 0.4099
 1.2541
 0.3505
 0.3469
 0.2936
 0.3131
 0.8796
 0.7127
 0.3909
 0.3377
 0.3256
 0.3322
 0.5282
 0.3284
 0.3112
 0.3072
  0.282
  0.306
 0.7767
 0.7799
 0.4792
 0.6806
 0.4401
  0.329
 0.3131
 0.3229
 0.3044
 0.3036
 0.2802
 0.3028
 0.5171
 0.6189
 0.5008
 0.4359
 0.3084
  0.331
 0.3002
 0.3132
 0.2915
 0.2877
 0.2791
 0.3078
  0.372
 0.3706
 0.4902
 0.3845
  0.349
  0.308
 0.2954
 0.3163
 0.2878
 0.2877
  0.274
  0.313
 0.3277
 0.3229
 0.3441
 0.3202
 0.3098
 0.3085
 0.2879
 0.2996
 0.2835
 0.2739
 0.2789
 0.2986
 0.3286
 0.3172
 0.3191
 0.3221
 0.3167
 0.3105
 0.3141
 0.3129
 0.3048
 0.2928
 0.2894

--------------------------------------------------------------------------------------
Testname: GL_RACE
Date: 9/6/2013  Time: 5:10:56 PM
ID1: Old_ND_02  ID2:   ID3: 
No. of Channels / Multichromatics: 1
No. of Cycles: 1

Multichromatic: 1
Cycle: 1
 0.2861
 0.3215
 0.3125
 0.3125
 0.3105
 0.3151
 0.3011
 0.3014
 0.3084
 0.3025
 0.2891
  0.293
 0.3145
 0.9681
 1.1338
 0.7019
 0.3748
 0.3566
  0.361
 0.3458
  0.367
 0.3445
 0.3445
 0.2921
 0.3044
 0.8772
 0.8605
 0.4666
 0.4012
 0.3234
 0.3267
 0.3086
 0.3274
 0.3038
 0.3075
 0.2786
  0.298
  0.787
 0.5067
 0.8252
 0.3924
 0.3081
 0.3225
 0.3115
 0.3246
 0.3036
 0.3021
 0.2789
  0.296
 0.3822
 0.5024
 0.5351
 0.4055
 0.3056
 0.3133
 0.2938
 0.3129
 0.2897
 0.2848
 0.2737
 0.3023
 0.4322
 0.5223
 0.4476
 0.3743
 0.3014
 0.3064
 0.2917
 0.3022
 0.2705
 0.2792
 0.2757
 0.3044
 0.3149
 0.3296
 0.3029
 0.3189
 0.2988
 0.3044
 0.2775
 0.2877
 0.2798
 0.2723
 0.2768
  0.301
 0.3254
 0.3102
 0.3125
 0.3153
 0.3132
 0.3013
 0.3085
 0.3057
 0.3018
  0.286
 0.2875

--------------------------------------------------------------------------------------
Testname: GL_RACE
Date: 9/6/2013  Time: 5:13:15 PM
ID1: Old_ND_03  ID2:   ID3: 
No. of Channels / Multichromatics: 1
No. of Cycles: 1

Multichromatic: 1
Cycle: 1
 0.2995
 0.3162
 0.3011
 0.3172
 0.3162
 0.3172
 0.3133
 0.3141
 0.3204
 0.3153
 0.3041
 0.2988
 0.3235
 1.0484
 0.7521
 0.7532
  0.401
  0.369
 0.3731
 0.3539
 0.3703
 0.3544
 0.3534
 0.3024
 0.3168
 0.8368
 0.7126
 0.5047
 0.3496
 0.3333
 0.3377
 0.3236
 0.3404
 0.3223
 0.3191
 0.2906
 0.3067
 0.7326
 0.7942
 0.6476
 0.5764
 0.3143
 0.3297
 0.3177
 0.3306
 0.3074
 0.3167
 0.2883
 0.3047
 0.5708
 0.5496
 0.8088
  0.407
 0.3128
 0.3227
 0.2988
 0.3092
 0.2866
 0.2875
 0.2851
 0.3112
  0.603
  0.428
 0.4018
 0.4818
 0.3044
 0.3086
 0.2878
 0.3062
 0.2882
 0.2901
  0.283
 0.3164
 0.2998
  0.323
 0.3148
  0.329
 0.3025
 0.3038
 0.2869
 0.3016
 0.2899
 0.2862
 0.2878
 0.3067
 0.3385
 0.3248
 0.3248
 0.3268
 0.3231
 0.3151
 0.3239
 0.3245
 0.3135
  0.298
 0.2949

--------------------------------------------------------------------------------------
Testname: GL_RACE
Date: 9/6/2013  Time: 5:15:56 PM
ID1: Old_ND_04  ID2:   ID3: 
No. of Channels / Multichromatics: 1
No. of Cycles: 1

Multichromatic: 1
Cycle: 1
 0.2989
 0.3282
 0.3159
 0.3071
 0.3112
 0.3151
 0.3039
 0.3044
 0.3068
 0.3055
 0.3084
 0.2818
 0.3082
  1.234
 0.7378
 0.4155
 0.3732
  0.353
 0.3556
 0.3371
  0.355
 0.3411
 0.3429
 0.2812
 0.2987
 1.0392
 0.5633
 0.5279
 0.3281
 0.3156
 0.3191
 0.3024
 0.3189
 0.3028
 0.3028
 0.2723
 0.2924
 0.6282
 0.5749
 0.6856
 0.3242
  0.302
 0.3126
 0.3027
 0.3139
 0.2964
 0.2982
 0.2721
 0.2897
 0.3959
 0.4409
 0.4432
 0.3032
 0.3881
  0.308
 0.2872
  0.309
 0.2863
 0.2796
  0.272
 0.2955
 0.3208
 0.3556
 0.3352
 0.3837
 0.2986
 0.3034
 0.2866
 0.3039
 0.2857
 0.2861
 0.2695
 0.3007
 0.3141
 0.3148
 0.3121
 0.3215
 0.3009
 0.3082
 0.2845
 0.2989
 0.2842
 0.2771
 0.2696
 0.2952
   0.32
 0.3103
 0.3075
 0.3112
 0.3097
 0.2983
 0.3048
 0.3032
 0.2979
 0.2814
 0.2809

--------------------------------------------------------------------------------------
Testname: GL_RACE
Date: 9/6/2013  Time: 5:18:36 PM
ID1: Old_ND_05  ID2:   ID3: 
No. of Channels / Multichromatics: 1
No. of Cycles: 1

Multichromatic: 1
Cycle: 1
  0.288
 0.3241
 0.3146
 0.3115
 0.3088
 0.3198
 0.3066
 0.3076
 0.3122
 0.3086
 0.2977
 0.2908
 0.3092
 1.0641
 1.2833
 0.8537
 0.3754
 0.3517
 0.3599
 0.3424
 0.3646
 0.3511
 0.3462
 0.2918
 0.3038
 0.5467
  1.227
 0.3925
 0.3497
 0.6003
  0.319
 0.3059
 0.3266
 0.3062
 0.3069
 0.2829
 0.2957
 0.4943
 0.7394
 0.3004
 0.3222
  0.299
  0.313
 0.3025
 0.3176
 0.3026
 0.2985
 0.2807
 0.2908
 0.4239
 0.4404
 0.4668
 0.4862
 0.2866
 0.2974
 0.2799
 0.3022
 0.2822
 0.2733
 0.2795
 0.3009
 0.3987
 0.3903
 0.3779
 0.4528
 0.2793
 0.2853
 0.2755
 0.2926
 0.2714
 0.2739
 0.2785
  0.312
  0.313
 0.3225
 0.2984
 0.3258
 0.2803
 0.2866
 0.2719
 0.2881
 0.2772
 0.2689
 0.2798
 0.2992
 0.3251
 0.3122
 0.3116
  0.314
 0.3125
 0.3033
 0.3094
 0.3093
 0.3061
 0.2903
 0.2872

--------------------------------------------------------------------------------------
Testname: GL_RACE
Date: 9/6/2013  Time: 5:21:02 PM
ID1: Old_ND_06  ID2:   ID3: 
No. of Channels / Multichromatics: 1
No. of Cycles: 1

Multichromatic: 1
Cycle: 1
 0.3095
 0.3429
 0.3293
 0.3289
  0.321
 0.3229
 0.3133
 0.3105
 0.3172
 0.3111
 0.2977
 0.2954
 0.3187
  0.387
 0.3712
 0.6264
 0.3739
 0.3508
 0.3584
 0.3451
 0.3596
 0.3483
 0.3486
 0.2925
 0.3066
 1.4714
 0.3313
  0.318
 0.3298
 0.3112
 0.3194
 0.3055
 0.3252
  0.305
  0.306
 0.2814
 0.3063
 0.4713
  0.821
 0.2968
 0.3744
 0.2936
 0.3071
 0.3036
 0.3168
 0.2931
 0.3004
 0.2812
 0.2943
 0.3055
 0.4807
  0.361
 0.3354
 0.2847
  0.291
 0.2843
 0.2986
 0.2763
 0.2791
 0.2779
 0.2982
 0.3096
  0.329
 0.3113
 0.3014
 0.2806
 0.2871
  0.274
 0.2893
 0.2723
 0.2751
 0.2818
 0.3054
 0.3157
  0.331
 0.2986
 0.3075
  0.283
  0.285
 0.2717
 0.2868
 0.2756
 0.2694
 0.2805
 0.3023
 0.3271
 0.3125
 0.3154
 0.3129
 0.3114
 0.3023
 0.3094
 0.3075
 0.3066
 0.2909
 0.2862

--------------------------------------------------------------------------------------
Testname: GL_RACE
Date: 9/6/2013  Time: 5:23:41 PM
ID1: Old_ND_07  ID2:   ID3: 
No. of Channels / Multichromatics: 1
No. of Cycles: 1

Multichromatic: 1
Cycle: 1
 0.3097
 0.3409
 0.3232
 0.3274
 0.3222
 0.3276
 0.3179
 0.3156
 0.3217
 0.3162
 0.3035
 0.2928
 0.3195
 1.3368
 0.6699
 0.7443
 0.6871
 0.6167
 0.3589
 0.3462
  0.367
  0.349
 0.3451
 0.2876
 0.3079
 0.8728
 0.9635
 0.4061
 0.4033
 0.7557
 0.4096
 0.3122
  0.328
 0.3075
 0.3076
 0.2753
 0.2993
 0.6678
 0.7196
 0.6094
 0.3628
 0.2978
 0.3518
 0.3078
 0.3228
 0.3016
 0.3001
 0.2737
  0.297
 0.5557
 0.5843
 0.5286
 0.4301
 0.5905
   0.61
 0.3031
 0.2973
 0.2858
 0.2826
 0.2718
 0.3008
 0.3462
 0.3575
 0.3672
    0.5
 0.3399
 0.2807
 0.2745
 0.2911
 0.2678
 0.2678
 0.2681
 0.3045
 0.3175
 0.3153
 0.3157
  0.326
  0.278
 0.2786
 0.2649
 0.2777
 0.2695
  0.264
 0.2706
  0.297
 0.3232
 0.3113
 0.3121
 0.3152
 0.3128
 0.3052
 0.3077
 0.3093
  0.299
 0.2852
 0.2853

--------------------------------------------------------------------------------------
Testname: GL_RACE
Date: 9/6/2013  Time: 5:26:10 PM
ID1: Old_ND_08  ID2:   ID3: 
No. of Channels / Multichromatics: 1
No. of Cycles: 1

Multichromatic: 1
Cycle: 1
  0.285
 0.3118
 0.3036
 0.3039
  0.307
 0.3174
 0.3022
 0.3014
 0.3048
 0.3062
  0.294
  0.289
  0.273
 1.0656
 0.9946
 0.6438
  0.579
 0.5344
 0.3533
 0.3409
 0.3605
  0.345
 0.3479
 0.2881
 0.2567
 0.8373
 0.8372
   0.59
  0.571
 0.3043
 0.3121
 0.3021
 0.3151
 0.3084
 0.3065
 0.2755
 0.2801
 0.7808
 0.7207
 0.7458
 0.4613
 0.2898
 0.3006
 0.3056
   0.31
  0.303
 0.2999
 0.2725
 0.2751
 0.5279
 0.6581
 0.4248
 0.4432
 0.3778
   0.28
 0.2696
 0.2936
 0.2797
 0.2747
 0.2718
 0.2788
 0.3349
 0.3766
 0.4035
 0.3961
 0.3337
 0.2775
 0.2675
 0.2845
 0.2689
 0.2722
 0.2713
 0.2863
 0.3403
 0.2971
 0.2877
 0.3054
 0.2719
  0.276
 0.2615
 0.2786
 0.2673
 0.2683
 0.2735
 0.2905
 0.3134
 0.3161
 0.3076
 0.3176
 0.3144
  0.311
 0.3151
  0.322
 0.3077
 0.2903
  0.291

--------------------------------------------------------------------------------------
Testname: GL_RACE
Date: 9/6/2013  Time: 5:28:37 PM
ID1: Old_ND_09  ID2:   ID3: 
No. of Channels / Multichromatics: 1
No. of Cycles: 1

Multichromatic: 1
Cycle: 1
 0.2924
 0.3197
 0.2777
 0.3092
 0.3092
 0.3123
 0.3044
 0.3059
 0.3082
 0.3111
 0.2982
 0.3014
 0.3013
 1.2429
 0.8377
 0.8518
 0.3772
 0.3515
 0.3617
 0.3509
 0.3791
  0.358
 0.3523
  0.293
 0.2859
 0.8135
 0.8673
 0.4922
 0.5698
 0.3084
 0.3197
 0.3083
 0.3278
 0.3151
 0.3122
 0.2792
 0.2851
 0.6732
 0.7721
 0.6241
 0.4148
 0.4265
 0.2972
 0.2958
 0.3174
 0.3027
 0.3066
 0.2831
 0.2732
 0.2974
 0.2713
 0.4089
  0.453
 0.2703
 0.2821
 0.2739
 0.2975
 0.2801
 0.2805
 0.2802
  0.284
 0.3054
 0.3789
 0.3593
  0.368
 0.2756
 0.2833
 0.2771
 0.2974
 0.2806
 0.2766
 0.2765
 0.2937
 0.3055
 0.3112
 0.2998
 0.3179
 0.2872
 0.2861
 0.2722
 0.2962
 0.2795
 0.2747
 0.2776
 0.2915
  0.316
 0.3073
 0.3132
 0.3199
 0.3156
 0.3145
 0.3173
 0.3177
 0.3073
 0.2926
 0.2939

--------------------------------------------------------------------------------------
Testname: GL_RACE
Date: 9/6/2013  Time: 5:31:21 PM
ID1: Old_ND_10  ID2:   ID3: 
No. of Channels / Multichromatics: 1
No. of Cycles: 1

Multichromatic: 1
Cycle: 1
 0.2963
 0.3302
 0.3043
 0.2812
 0.2767
 0.3234
 0.3133
 0.3163
 0.3226
 0.3228
 0.3095
  0.305
 0.3111
  1.188
 1.5703
  0.953
 1.0929
 1.1959
 0.3321
 0.3494
 0.3673
 0.3554
 0.3572
 0.2948
 0.2982
 1.1942
 0.9947
 1.0454
  1.163
 0.7321
 0.3235
 0.3135
 0.3364
  0.313
 0.3135
 0.2838
 0.2964
 0.6978
 0.5688
 0.7524
 0.5463
  0.504
 0.5004
 0.3064
 0.3265
  0.309
 0.3091
 0.2844
 0.2902
 0.5601
 0.3425
 0.3321
 0.5226
 0.4858
 0.2986
 0.2822
 0.3088
 0.2824
 0.2899
 0.2815
 0.2967
 0.3318
 0.3388
 0.3188
  0.432
  0.343
 0.3863
 0.2817
 0.2915
  0.286
 0.2774
 0.2824
  0.301
 0.3173
 0.3153
 0.3117
 0.3414
 0.2891
 0.2902
 0.2763
 0.2903
 0.2814
 0.2745
  0.281
 0.2974
 0.3227
 0.3166
 0.3163
 0.3226
   0.32
 0.3182
 0.3306
 0.3333
 0.3214
 0.3057
 0.2977

--------------------------------------------------------------------------------------
Testname: GL_RACE
Date: 9/6/2013  Time: 5:34:27 PM
ID1: Old_ND_11  ID2:   ID3: 
No. of Channels / Multichromatics: 1
No. of Cycles: 1

Multichromatic: 1
Cycle: 1
 0.2961
 0.3229
 0.3128
 0.3101
 0.3097
 0.3164
 0.3152
 0.3086
 0.3191
 0.3124
 0.3002
 0.3074
 0.3033
 1.2851
 0.8986
 0.7163
 0.3747
 0.3504
 0.3576
 0.3482
 0.3729
 0.3504
 0.3511
 0.2985
 0.2878
 0.9114
 1.2919
 0.8637
   0.55
 0.7299
 0.7023
  0.308
 0.3276
 0.3082
 0.3109
 0.2847
 0.2915
 0.6568
 0.5739
 0.6946
 0.3473
 0.2912
  0.516
 0.2972
 0.3148
 0.2992
 0.3077
 0.2865
 0.2805
 0.4752
 0.5162
 0.5075
 0.5415
 0.2754
 0.2883
 0.2725
 0.2993
 0.2839
 0.2805
  0.287
 0.2915
 0.3483
  0.343
 0.3904
 0.3943
 0.3494
 0.3312
 0.2772
 0.2936
 0.2786
 0.2772
 0.2863
 0.2975
 0.3309
 0.3217
 0.3079
 0.3432
 0.2882
 0.2894
 0.2788
 0.2969
 0.2806
 0.2742
 0.2905
 0.2945
 0.3243
 0.3218
  0.327
 0.3329
 0.3267
 0.3218
  0.327
 0.3267
 0.3128
 0.3009
 0.3003

--------------------------------------------------------------------------------------
Testname: GL_RACE
Date: 9/6/2013  Time: 5:36:59 PM
ID1: Old_ND_12  ID2:   ID3: 
No. of Channels / Multichromatics: 1
No. of Cycles: 1

Multichromatic: 1
Cycle: 1
 0.2905
 0.3158
 0.3056
 0.3032
 0.3037
 0.3051
 0.2979
 0.3032
 0.3101
 0.3159
 0.2964
 0.3014
 0.2992
 1.5073
 1.5338
 1.1356
 0.3624
 0.3387
 0.3621
 0.3432
 0.3679
 0.3504
 0.3522
 0.2891
 0.2824
 0.9829
 1.1851
 1.1027
 0.3287
 0.3062
 0.3121
 0.3069
 0.3229
 0.3039
 0.3065
 0.2796
 0.2842
 0.8378
 0.5518
 0.5003
 0.6199
  0.293
 0.2997
 0.2962
 0.3102
 0.2945
 0.3048
 0.2822
 0.2774
 0.5559
 0.5131
 0.4661
 0.2868
 0.2789
 0.2792
 0.2722
 0.2944
 0.2786
 0.2767
 0.2798
 0.2896
 0.4063
 0.3974
 0.4301
 0.3037
 0.2835
 0.2899
 0.2777
 0.2954
 0.2799
 0.2747
 0.2809
 0.2907
 0.3713
 0.3199
  0.298
 0.3131
 0.2879
 0.2881
 0.2722
 0.2903
 0.2789
 0.2748
   0.28
 0.2918
 0.3189
 0.3065
 0.3141
 0.3162
 0.3149
 0.3162
 0.3255
  0.321
 0.3075
  0.295
  0.296

--------------------------------------------------------------------------------------
Testname: GL_RACE
Date: 9/6/2013  Time: 5:39:24 PM
ID1: Old_D_13  ID2:   ID3: 
No. of Channels / Multichromatics: 1
No. of Cycles: 1

Multichromatic: 1
Cycle: 1
 0.2968
 0.3252
 0.3241
 0.3202
 0.2724
 0.3185
 0.3104
 0.3136
 0.3169
 0.3192
 0.3061
 0.2964
 0.2932
 0.9349
  0.863
 0.7324
 0.4199
 0.5336
 0.5164
 0.9288
 0.9233
 0.7282
 0.4543
 0.2934
 0.2996
 0.8368
 0.8733
 0.3697
 0.2971
 1.1603
 0.3478
 0.3446
 0.5061
 0.4969
  0.313
 0.2781
  0.297
 0.6466
 0.6904
 0.6645
 0.4947
 0.3475
 0.3775
 0.2983
 0.8304
 0.5838
 0.3122
  0.282
 0.2921
 0.4607
 0.5357
 0.4715
  0.363
 0.3629
 0.5812
 0.3339
 0.3816
 0.6676
 0.2876
  0.277
 0.2986
 0.3868
 0.3951
 0.3269
  0.443
 0.3775
 0.3423
 0.3728
 0.3495
 0.3445
 0.2713
 0.2797
  0.302
 0.3266
 0.3321
 0.3968
 0.4095
 0.4347
 0.2856
 0.2821
 0.2915
 0.2754
 0.2754
  0.277
 0.3053
 0.3198
 0.3165
  0.319
 0.3278
  0.321
 0.3205
  0.324
 0.3222
 0.3142
 0.2999
 0.2936

--------------------------------------------------------------------------------------
Testname: GL_RACE
Date: 9/6/2013  Time: 5:42:02 PM
ID1: Old_D_14  ID2:   ID3: 
No. of Channels / Multichromatics: 1
No. of Cycles: 1

Multichromatic: 1
Cycle: 1
 0.2973
 0.3271
 0.3002
 0.3107
 0.3116
  0.316
 0.3079
 0.3084
 0.3128
 0.3152
 0.3039
 0.2967
 0.3075
 0.8941
 1.1377
 0.7292
 0.4227
 0.5382
 0.3472
 0.3451
 0.3683
 0.3535
 0.3423
 0.2886
 0.2928
 0.9657
 0.7538
  0.823
  0.944
 0.4992
 0.2946
 0.3128
 0.3254
 0.3113
 0.3109
 0.2757
 0.2948
 0.7378
 0.7262
 0.6038
  0.757
 0.4143
 0.6213
 0.3072
 0.3223
 0.2942
 0.3096
 0.2785
 0.2877
 0.5116
 0.5026
 0.4889
 0.4645
  0.326
 0.3809
 0.2859
 0.2908
 0.2751
 0.2952
 0.2797
 0.2987
 0.3755
 0.3802
 0.3723
 0.4027
  0.302
 0.3574
 0.2832
 0.3089
 0.2913
  0.282
 0.2747
 0.3038
 0.3245
 0.3172
 0.3157
  0.349
 0.3031
 0.3038
 0.2735
 0.2884
 0.2823
 0.2775
 0.2768
 0.2962
  0.321
 0.3116
 0.3169
 0.3276
 0.3225
 0.3192
 0.3229
 0.3211
 0.3143
 0.2947
 0.2922

--------------------------------------------------------------------------------------
Testname: GL_RACE
Date: 9/6/2013  Time: 5:44:19 PM
ID1: Old_D_15  ID2:   ID3: 
No. of Channels / Multichromatics: 1
No. of Cycles: 1

Multichromatic: 1
Cycle: 1
 0.2964
 0.2851
 0.2816
  0.317
 0.3137
 0.3173
 0.3096
 0.3114
 0.3105
 0.3167
 0.3037
 0.2935
 0.3079
 1.1889
 1.2283
 1.2276
 1.3716
 0.4119
 0.3591
 0.3476
 0.3688
  0.351
 0.3479
 0.2874
 0.2949
 0.8586
 0.7427
 0.7843
 1.1754
 0.9729
 0.3232
 0.3152
 0.3296
 0.3095
 0.3115
 0.2763
 0.2957
 1.0209
 0.9234
 0.5061
 0.6452
 0.5984
  0.318
   0.31
 0.3219
  0.307
 0.3102
 0.2762
 0.2893
 0.5874
  0.615
 0.5673
  0.467
 0.4534
  0.311
 0.2964
 0.3151
 0.2951
 0.2935
  0.274
 0.2961
 0.3843
 0.4236
 0.4342
 0.4507
 0.3547
 0.3166
 0.3006
 0.3125
 0.2958
 0.2964
 0.2869
 0.3016
 0.3309
 0.3222
 0.3161
 0.3382
 0.3162
 0.3106
 0.2963
 0.3113
 0.2961
 0.2862
  0.274
 0.2953
 0.3135
 0.3129
 0.3172
 0.3234
 0.3207
 0.3206
 0.3205
 0.3194
 0.3125
  0.293
  0.292

--------------------------------------------------------------------------------------
Testname: GL_RACE
Date: 9/6/2013  Time: 5:46:45 PM
ID1: Old_D_16  ID2:   ID3: 
No. of Channels / Multichromatics: 1
No. of Cycles: 1

Multichromatic: 1
Cycle: 1
 0.2929
 0.3244
 0.2951
 0.3171
 0.3137
 0.3172
 0.3083
 0.3115
 0.3175
 0.3161
 0.3053
 0.2952
 0.3057
 1.1557
 0.5644
 0.4827
 0.4043
 0.3442
  0.344
 0.3472
 0.3648
 0.3418
 0.3493
 0.2914
 0.2933
  0.809
  0.735
 0.4469
   0.36
 0.3201
 0.3193
 0.3076
 0.3269
  0.309
 0.3109
 0.2784
 0.2906
 0.6207
 0.6804
 0.6374
 0.3843
 0.2998
 0.3101
 0.3051
 0.3185
 0.3057
 0.3121
 0.2778
  0.287
 0.4195
 0.4804
 0.4955
 0.4939
 0.2982
 0.3042
 0.2902
 0.3168
  0.298
 0.2969
 0.2751
 0.2955
 0.3554
 0.3656
 0.3587
 0.3766
 0.3044
  0.312
 0.2974
 0.3135
 0.2986
 0.3006
  0.276
 0.2991
 0.3143
 0.3115
 0.3101
 0.3284
 0.3099
 0.3114
 0.2929
 0.3089
 0.2959
 0.2823
  0.277
 0.2931
 0.3129
 0.3119
 0.3131
 0.3234
 0.3187
 0.3147
 0.3183
 0.3198
  0.311
  0.293
 0.2926

--------------------------------------------------------------------------------------
Testname: GL_RACE
Date: 9/6/2013  Time: 5:49:22 PM
ID1: Old_D_17  ID2:   ID3: 
No. of Channels / Multichromatics: 1
No. of Cycles: 1

Multichromatic: 1
Cycle: 1
 0.2838
 0.3138
 0.3011
 0.3023
 0.3028
 0.3064
  0.301
 0.3007
 0.3067
 0.3066
 0.2895
 0.2901
 0.2976
 0.9178
 0.6163
 0.4032
 0.3765
 0.3332
 0.3381
 0.3383
 0.3604
 0.3445
 0.3303
 0.2829
 0.2871
 0.9569
 0.7038
 0.3828
 0.3363
 0.3027
 0.3084
 0.3009
 0.3181
 0.3027
 0.3038
 0.2741
 0.2871
 0.8888
  0.791
 0.5373
 0.3324
 0.2913
 0.3044
 0.2988
 0.3117
 0.2995
 0.3035
 0.2752
 0.2832
 0.4097
  0.467
 0.4286
 0.3899
 0.2894
 0.2989
 0.2854
 0.3053
 0.2927
 0.2879
 0.2764
 0.2895
 0.3251
 0.3457
 0.3392
 0.4033
 0.2927
 0.3033
 0.2919
 0.3096
 0.2927
 0.2854
 0.2734
 0.2843
 0.3078
 0.3052
  0.302
 0.3175
  0.304
 0.3071
 0.2882
 0.3059
 0.2924
 0.2801
  0.276
 0.2868
 0.3113
 0.3018
 0.3094
 0.3159
 0.3155
 0.3103
 0.3108
 0.3112
 0.3051
 0.2936
 0.2869

--------------------------------------------------------------------------------------
Testname: GL_RACE
Date: 9/6/2013  Time: 5:52:18 PM
ID1: Old_D_18  ID2:   ID3: 
No. of Channels / Multichromatics: 1
No. of Cycles: 1

Multichromatic: 1
Cycle: 1
 0.2884
 0.3174
 0.3085
 0.3085
 0.3079
 0.3089
 0.3098
 0.3045
 0.3069
 0.3113
 0.2994
 0.3046
  0.302
 0.8753
 0.5487
 0.4251
 0.4238
 0.3356
  0.347
 0.3428
 0.3685
 0.3477
 0.3475
 0.2965
 0.2916
 0.6342
 0.6268
 0.3886
 0.3415
 0.3082
 0.3139
 0.3035
 0.3268
 0.3091
 0.3152
  0.284
 0.2878
 0.6355
 0.7502
  0.414
 0.4681
 0.2922
 0.3103
 0.3039
 0.3199
 0.3039
  0.317
 0.2848
 0.2824
 0.5369
 0.5205
  0.606
 0.3617
 0.2897
 0.3037
  0.287
 0.3145
 0.2928
 0.2973
 0.2842
 0.2905
 0.3533
 0.3526
 0.3499
 0.3898
 0.2959
 0.3067
 0.2943
 0.3195
 0.2954
 0.3019
 0.2802
 0.2969
 0.3141
 0.3112
  0.306
 0.3301
 0.3061
 0.3123
 0.2952
 0.3132
 0.2962
 0.2933
 0.2845
  0.291
 0.3149
 0.3095
  0.313
 0.3238
  0.322
 0.3192
 0.3254
 0.3237
 0.3138
 0.3033
 0.2975

--------------------------------------------------------------------------------------
Testname: GL_RACE
Date: 9/6/2013  Time: 5:55:17 PM
ID1: Old_D_19  ID2:   ID3: 
No. of Channels / Multichromatics: 1
No. of Cycles: 1

Multichromatic: 1
Cycle: 1
 0.2813
 0.3157
 0.3025
 0.2994
 0.2963
 0.3003
 0.2932
 0.2851
 0.2815
 0.2898
 0.2848
 0.2892
 0.2953
  1.108
  1.006
 1.0956
 1.1347
 0.9897
 1.0094
 1.1657
 1.0089
  0.525
 0.3321
 0.2843
 0.2838
 0.7979
 0.6982
 0.7445
 0.7103
 0.7071
 0.6857
 0.7596
 0.5723
 0.3088
 0.3064
 0.2716
 0.2822
 0.5795
 0.6496
 0.5819
 0.7756
  0.417
 0.4545
 0.4874
 0.5749
 0.3004
 0.3079
 0.2744
 0.2787
 0.4584
 0.4987
 0.4432
 0.4675
 0.3901
 0.3867
  0.375
 0.3887
  0.289
 0.2909
 0.2712
 0.2843
 0.3633
 0.3801
 0.3723
 0.5221
 0.3478
 0.3374
 0.2954
 0.3161
 0.2921
 0.2902
 0.2698
 0.2885
 0.3085
  0.314
 0.3324
 0.3758
 0.3426
 0.3134
  0.288
 0.3049
 0.2867
 0.2758
 0.2722
 0.2761
 0.3099
 0.3012
 0.3074
 0.3184
 0.3137
 0.3058
 0.3152
  0.315
 0.3059
 0.2902
 0.2892

--------------------------------------------------------------------------------------
Testname: GL_RACE
Date: 9/6/2013  Time: 5:58:34 PM
ID1: Old_D_20  ID2:   ID3: 
No. of Channels / Multichromatics: 1
No. of Cycles: 1

Multichromatic: 1
Cycle: 1
  0.288
  0.319
 0.3078
 0.3095
 0.3085
 0.3158
 0.3108
 0.3053
 0.3106
 0.3153
 0.3367
 0.3013
 0.3002
 1.2226
 0.8447
 0.5506
 0.7162
 0.4793
 0.3514
 0.3504
 0.4705
  0.363
 0.3453
 0.2951
 0.2889
 0.8061
 0.7055
 0.6337
 0.6611
 0.6963
 0.5893
 0.3247
  0.361
 0.3134
  0.313
 0.2828
 0.2884
 0.6695
 0.6645
 0.6353
 0.6131
 0.5447
 0.5053
 0.3461
 0.4309
 0.3096
 0.3162
 0.2823
  0.283
 0.4969
 0.5081
 0.4659
 0.4128
 0.3734
 0.4296
 0.3128
 0.3329
 0.2966
  0.285
 0.2832
 0.2904
 0.4012
 0.3905
 0.3629
 0.3898
 0.3275
  0.317
 0.3098
 0.3154
 0.2958
 0.3027
 0.2789
 0.2939
 0.3341
 0.3156
  0.305
 0.3253
  0.312
 0.3189
 0.2935
 0.2957
 0.2935
 0.2631
 0.2819
 0.2846
 0.3135
 0.3083
 0.3162
 0.3243
   0.32
 0.3178
 0.3232
 0.3234
 0.3126
 0.2971
 0.2975

--------------------------------------------------------------------------------------
Testname: GL_RACE
Date: 9/6/2013  Time: 6:01:17 PM
ID1: Old_D_21  ID2:   ID3: 
No. of Channels / Multichromatics: 1
No. of Cycles: 1

Multichromatic: 1
Cycle: 1
 0.2794
 0.3131
 0.3032
 0.3031
 0.2985
 0.3028
 0.2944
 0.2955
 0.2945
 0.2967
 0.2891
 0.2862
 0.2942
 1.0036
 0.9242
 0.5979
  0.431
 0.3678
 0.3394
 0.3397
 0.3611
 0.3441
 0.3422
 0.2833
 0.2834
 0.7338
 0.6916
 0.5052
 0.4651
 0.3188
 0.3094
 0.2994
 0.3206
 0.3072
 0.3059
 0.2722
 0.2806
 0.8165
 0.6551
 0.5877
 0.3987
 0.3308
 0.3042
  0.298
 0.3163
 0.2997
 0.3065
 0.2735
 0.2786
 0.5608
 0.5763
 0.4613
 0.4541
 0.3246
 0.2976
 0.2845
 0.3065
 0.2858
 0.2885
 0.2714
 0.2836
 0.3873
 0.3967
 0.3515
 0.3812
  0.308
 0.3025
 0.2902
 0.3097
 0.2927
 0.2909
   0.27
 0.2881
 0.3227
 0.3089
 0.3112
 0.3252
 0.3062
 0.3071
 0.2865
 0.3017
 0.2847
 0.2781
 0.2703
 0.2821
 0.3084
 0.2957
 0.3055
 0.3138
 0.3098
 0.3025
 0.3097
 0.3111
 0.3014
 0.2871
 0.2862

--------------------------------------------------------------------------------------
Testname: GL_RACE
Date: 9/6/2013  Time: 6:03:38 PM
ID1: Old_D_22  ID2:   ID3: 
No. of Channels / Multichromatics: 1
No. of Cycles: 1

Multichromatic: 1
Cycle: 1
  0.289
 0.2738
 0.2642
 0.2652
 0.2625
 0.2874
 0.3034
  0.269
 0.3019
 0.3078
 0.2913
  0.296
 0.2771
 1.2863
 1.4463
 1.1903
  1.269
  0.963
  0.926
 0.9676
 0.8786
 0.7802
 0.3591
 0.2955
 0.2923
 1.1166
 0.8247
 0.6615
 0.6724
 0.6896
 0.7075
 0.7138
 0.6683
 0.8376
 0.3128
 0.2834
 0.2848
 0.3761
 0.5012
 0.3477
 0.5446
 0.5007
 0.4431
 0.5806
 0.5998
 0.5733
 0.3147
 0.2814
 0.2809
 0.3245
 0.3183
 0.3635
  0.339
  0.375
 0.3798
 0.3953
 0.4384
  0.411
  0.297
 0.2793
  0.289
 0.3142
 0.3416
 0.3163
 0.3385
 0.3332
 0.3401
 0.3353
 0.3684
 0.3384
 0.3003
 0.2783
 0.2935
 0.3102
 0.3133
 0.3045
 0.3275
 0.3134
 0.3165
 0.2949
 0.3147
 0.2888
 0.2888
 0.2817
 0.2633
 0.3105
 0.2999
  0.306
 0.3149
 0.3145
 0.3112
 0.3168
 0.3217
 0.3115
 0.2975
 0.2984

--------------------------------------------------------------------------------------
Testname: GL_RACE
Date: 9/6/2013  Time: 6:06:38 PM
ID1: Old_D_23  ID2:   ID3: 
No. of Channels / Multichromatics: 1
No. of Cycles: 1

Multichromatic: 1
Cycle: 1
 0.2796
 0.3157
 0.3038
 0.3012
 0.2997
 0.3053
 0.2997
 0.2993
  0.305
 0.3043
 0.2891
  0.286
 0.2947
 1.3296
 1.4304
 1.1284
 1.3142
 1.0446
 1.0303
 1.1071
 1.1023
 0.7401
 0.3464
 0.2857
 0.2825
 0.8989
 0.7705
 0.7054
 0.6434
  0.577
 0.6512
 0.6872
 0.6105
  0.641
 0.3051
  0.275
 0.2822
 0.5745
 0.5379
 0.5791
 0.5345
  0.404
 0.5802
 0.4032
 0.4304
  0.412
 0.3078
 0.2757
 0.2781
 0.4558
 0.4321
  0.429
 0.4695
  0.636
  0.352
 0.3376
 0.3536
 0.3111
 0.2872
 0.2736
 0.2857
 0.3616
 0.3589
 0.3295
 0.3817
 0.3316
 0.3428
 0.3138
 0.3246
 0.3017
 0.2875
 0.2735
 0.2887
 0.3199
 0.3174
 0.3156
 0.3296
 0.3221
 0.3056
 0.3081
 0.2997
 0.2901
 0.2758
  0.275
 0.2851
 0.3093
 0.2969
 0.3033
 0.3109
 0.3094
 0.3044
 0.3108
 0.3101
 0.3073
 0.2928
 0.2873

--------------------------------------------------------------------------------------
Testname: GL_RACE
Date: 9/6/2013  Time: 6:09:15 PM
ID1: Old_D_24  ID2:   ID3: 
No. of Channels / Multichromatics: 1
No. of Cycles: 1

Multichromatic: 1
Cycle: 1
 0.2826
 0.3154
 0.3053
 0.3056
 0.3039
 0.3115
  0.305
 0.3067
 0.3127
 0.3156
 0.2981
 0.2909
    0.3
 1.2271
 1.0149
 1.6172
  0.886
 1.8691
 0.4498
 0.4913
 0.3693
 0.3444
 0.3486
 0.2917
 0.2871
 1.0528
 1.2525
 1.5955
 1.5435
 0.2945
 0.6196
 0.5577
 0.3198
 0.3125
 0.3137
 0.2818
 0.2831
 0.7167
 0.6545
 0.6503
 0.6032
  0.641
 0.5446
 0.3025
 0.3165
 0.3027
 0.3134
 0.2825
 0.2798
 0.4637
 0.4219
 0.4386
 0.4998
 0.5342
 0.3254
 0.2837
  0.311
 0.2954
 0.2982
 0.2807
 0.2871
 0.4476
 0.3654
 0.3401
 0.3656
 0.2891
 0.3064
 0.2932
 0.3139
 0.2968
 0.3017
 0.2811
 0.2933
 0.3148
 0.3127
 0.3047
 0.3239
 0.3782
 0.3167
 0.2923
 0.3112
 0.2999
 0.2903
 0.2831
 0.2824
 0.3095
 0.3025
 0.3118
 0.3161
 0.3162
  0.311
 0.3172
 0.3205
 0.3079
 0.2951
 0.2944

